{"contracts/ERC4671/ERC4671.sol":{"l":{"48":3,"49":3,"50":3,"57":0,"64":0,"71":3,"78":19,"83":0,"88":0,"95":0,"96":0,"97":0,"98":0,"103":0,"108":0,"113":0,"121":3,"122":3,"123":3,"130":0,"134":0,"144":0,"150":2,"151":2,"152":2,"153":2,"154":2,"155":2,"162":4,"163":4,"164":4,"165":4,"173":4,"174":4,"175":3,"177":4,"178":4,"179":4,"180":4,"181":4,"187":0,"194":5,"195":5,"196":5,"202":0,"203":0,"204":0,"205":0,"206":0,"208":0,"209":0,"210":0,"212":0,"219":0,"220":0,"221":0,"223":0},"path":"/media/work/Zyft/ZyftySc/contracts/ERC4671/ERC4671.sol","s":{"1":0,"2":0,"3":3,"4":19,"5":0,"6":0,"7":0,"8":0,"9":0,"10":0,"11":0,"12":0,"13":0,"14":3,"15":3,"16":3,"17":0,"18":0,"19":0,"20":2,"21":2,"22":2,"23":2,"24":4,"25":4,"26":4,"27":4,"28":4,"29":4,"30":0,"31":5,"32":5,"33":5,"34":0,"35":0,"36":0,"37":0,"38":0,"39":0,"40":0,"41":0,"42":0},"b":{"1":[0,0],"2":[3,0],"3":[0,0],"4":[0,0],"5":[0,0],"6":[2,0],"7":[4,0],"8":[3,1],"9":[4,0],"10":[5,0],"11":[0,0],"12":[0,0],"13":[0,0],"14":[0,0]},"f":{"1":3,"2":0,"3":0,"4":3,"5":19,"6":0,"7":0,"8":0,"9":0,"10":0,"11":3,"12":0,"13":0,"14":0,"15":2,"16":4,"17":4,"18":0,"19":5,"20":0,"21":0},"fnMap":{"1":{"name":"constructor","line":47,"loc":{"start":{"line":47,"column":4},"end":{"line":51,"column":4}}},"2":{"name":"balanceOf","line":56,"loc":{"start":{"line":56,"column":4},"end":{"line":58,"column":4}}},"3":{"name":"ownerOf","line":63,"loc":{"start":{"line":63,"column":4},"end":{"line":65,"column":4}}},"4":{"name":"isValid","line":70,"loc":{"start":{"line":70,"column":4},"end":{"line":72,"column":4}}},"5":{"name":"hasValid","line":77,"loc":{"start":{"line":77,"column":4},"end":{"line":79,"column":4}}},"6":{"name":"name","line":82,"loc":{"start":{"line":82,"column":4},"end":{"line":84,"column":4}}},"7":{"name":"symbol","line":87,"loc":{"start":{"line":87,"column":4},"end":{"line":89,"column":4}}},"8":{"name":"tokenURI","line":94,"loc":{"start":{"line":94,"column":4},"end":{"line":104,"column":4}}},"9":{"name":"emittedCount","line":107,"loc":{"start":{"line":107,"column":4},"end":{"line":109,"column":4}}},"10":{"name":"holdersCount","line":112,"loc":{"start":{"line":112,"column":4},"end":{"line":114,"column":4}}},"11":{"name":"tokenOfOwnerByIndex","line":120,"loc":{"start":{"line":120,"column":4},"end":{"line":124,"column":4}}},"12":{"name":"tokenByIndex","line":129,"loc":{"start":{"line":129,"column":4},"end":{"line":131,"column":4}}},"13":{"name":"supportsInterface","line":133,"loc":{"start":{"line":133,"column":4},"end":{"line":139,"column":4}}},"14":{"name":"_baseURI","line":143,"loc":{"start":{"line":143,"column":4},"end":{"line":145,"column":4}}},"15":{"name":"_revoke","line":149,"loc":{"start":{"line":149,"column":4},"end":{"line":156,"column":4}}},"16":{"name":"_mint","line":161,"loc":{"start":{"line":161,"column":4},"end":{"line":166,"column":4}}},"17":{"name":"_mintUnsafe","line":172,"loc":{"start":{"line":172,"column":4},"end":{"line":183,"column":4}}},"18":{"name":"_isCreator","line":186,"loc":{"start":{"line":186,"column":4},"end":{"line":188,"column":4}}},"19":{"name":"_getTokenOrRevert","line":193,"loc":{"start":{"line":193,"column":4},"end":{"line":197,"column":4}}},"20":{"name":"_removeToken","line":201,"loc":{"start":{"line":201,"column":4},"end":{"line":213,"column":4}}},"21":{"name":"_removeFromUnorderedArray","line":218,"loc":{"start":{"line":218,"column":4},"end":{"line":224,"column":4}}}},"statementMap":{"1":{"start":{"line":57,"column":8},"end":{"line":57,"column":45}},"2":{"start":{"line":64,"column":8},"end":{"line":64,"column":47}},"3":{"start":{"line":71,"column":8},"end":{"line":71,"column":47}},"4":{"start":{"line":78,"column":8},"end":{"line":78,"column":46}},"5":{"start":{"line":83,"column":8},"end":{"line":83,"column":20}},"6":{"start":{"line":88,"column":8},"end":{"line":88,"column":22}},"7":{"start":{"line":95,"column":8},"end":{"line":95,"column":33}},"8":{"start":{"line":96,"column":8},"end":{"line":96,"column":48}},"9":{"start":{"line":97,"column":8},"end":{"line":97,"column":3228}},"10":{"start":{"line":98,"column":12},"end":{"line":98,"column":3272}},"11":{"start":{"line":103,"column":8},"end":{"line":103,"column":17}},"12":{"start":{"line":108,"column":8},"end":{"line":108,"column":28}},"13":{"start":{"line":113,"column":8},"end":{"line":113,"column":28}},"14":{"start":{"line":121,"column":8},"end":{"line":121,"column":55}},"15":{"start":{"line":122,"column":8},"end":{"line":122,"column":58}},"16":{"start":{"line":123,"column":8},"end":{"line":123,"column":25}},"17":{"start":{"line":130,"column":8},"end":{"line":130,"column":20}},"18":{"start":{"line":134,"column":8},"end":{"line":134,"column":4653}},"19":{"start":{"line":144,"column":8},"end":{"line":144,"column":17}},"20":{"start":{"line":150,"column":8},"end":{"line":150,"column":56}},"21":{"start":{"line":151,"column":8},"end":{"line":151,"column":55}},"22":{"start":{"line":153,"column":8},"end":{"line":153,"column":52}},"23":{"start":{"line":155,"column":8},"end":{"line":155,"column":42}},"24":{"start":{"line":163,"column":8},"end":{"line":163,"column":40}},"25":{"start":{"line":164,"column":8},"end":{"line":164,"column":35}},"26":{"start":{"line":173,"column":8},"end":{"line":173,"column":85}},"27":{"start":{"line":174,"column":8},"end":{"line":174,"column":6281}},"28":{"start":{"line":179,"column":8},"end":{"line":179,"column":44}},"29":{"start":{"line":180,"column":8},"end":{"line":180,"column":6553}},"30":{"start":{"line":187,"column":8},"end":{"line":187,"column":37}},"31":{"start":{"line":194,"column":8},"end":{"line":194,"column":46}},"32":{"start":{"line":195,"column":8},"end":{"line":195,"column":65}},"33":{"start":{"line":196,"column":8},"end":{"line":196,"column":20}},"34":{"start":{"line":202,"column":8},"end":{"line":202,"column":56}},"35":{"start":{"line":203,"column":8},"end":{"line":203,"column":100}},"36":{"start":{"line":204,"column":8},"end":{"line":204,"column":7515}},"37":{"start":{"line":205,"column":12},"end":{"line":205,"column":36}},"38":{"start":{"line":208,"column":8},"end":{"line":208,"column":7653}},"39":{"start":{"line":209,"column":12},"end":{"line":209,"column":56}},"40":{"start":{"line":219,"column":8},"end":{"line":219,"column":75}},"41":{"start":{"line":220,"column":8},"end":{"line":220,"column":8174}},"42":{"start":{"line":223,"column":8},"end":{"line":223,"column":18}}},"branchMap":{"1":{"line":97,"type":"if","locations":[{"start":{"line":97,"column":8},"end":{"line":97,"column":8}},{"start":{"line":97,"column":8},"end":{"line":97,"column":8}}]},"2":{"line":122,"type":"if","locations":[{"start":{"line":122,"column":8},"end":{"line":122,"column":8}},{"start":{"line":122,"column":8},"end":{"line":122,"column":8}}]},"3":{"line":135,"type":"cond-expr","locations":[{"start":{"line":135,"column":12},"end":{"line":135,"column":52}},{"start":{"line":136,"column":12},"end":{"line":136,"column":60}}]},"4":{"line":135,"type":"cond-expr","locations":[{"start":{"line":135,"column":12},"end":{"line":136,"column":60}},{"start":{"line":137,"column":12},"end":{"line":137,"column":62}}]},"5":{"line":135,"type":"cond-expr","locations":[{"start":{"line":135,"column":12},"end":{"line":137,"column":62}},{"start":{"line":138,"column":12},"end":{"line":138,"column":47}}]},"6":{"line":151,"type":"if","locations":[{"start":{"line":151,"column":8},"end":{"line":151,"column":8}},{"start":{"line":151,"column":8},"end":{"line":151,"column":8}}]},"7":{"line":173,"type":"if","locations":[{"start":{"line":173,"column":8},"end":{"line":173,"column":8}},{"start":{"line":173,"column":8},"end":{"line":173,"column":8}}]},"8":{"line":174,"type":"if","locations":[{"start":{"line":174,"column":8},"end":{"line":174,"column":8}},{"start":{"line":174,"column":8},"end":{"line":174,"column":8}}]},"9":{"line":180,"type":"if","locations":[{"start":{"line":180,"column":8},"end":{"line":180,"column":8}},{"start":{"line":180,"column":8},"end":{"line":180,"column":8}}]},"10":{"line":195,"type":"if","locations":[{"start":{"line":195,"column":8},"end":{"line":195,"column":8}},{"start":{"line":195,"column":8},"end":{"line":195,"column":8}}]},"11":{"line":204,"type":"if","locations":[{"start":{"line":204,"column":8},"end":{"line":204,"column":8}},{"start":{"line":204,"column":8},"end":{"line":204,"column":8}}]},"12":{"line":208,"type":"if","locations":[{"start":{"line":208,"column":8},"end":{"line":208,"column":8}},{"start":{"line":208,"column":8},"end":{"line":208,"column":8}}]},"13":{"line":219,"type":"if","locations":[{"start":{"line":219,"column":8},"end":{"line":219,"column":8}},{"start":{"line":219,"column":8},"end":{"line":219,"column":8}}]},"14":{"line":220,"type":"if","locations":[{"start":{"line":220,"column":8},"end":{"line":220,"column":8}},{"start":{"line":220,"column":8},"end":{"line":220,"column":8}}]}}},"contracts/ERC4671/ERC4671Consensus.sol":{"l":{"28":0,"29":0,"30":0,"37":0,"43":0,"44":0,"45":0,"46":0,"47":0,"48":0,"49":0,"56":0,"57":0,"58":0,"59":0,"60":0,"61":0,"62":0,"67":0,"73":0,"74":0,"76":0,"80":0,"81":0,"83":0},"path":"/media/work/Zyft/ZyftySc/contracts/ERC4671/ERC4671Consensus.sol","s":{"1":0,"2":0,"3":0,"4":0,"5":0,"6":0,"7":0,"8":0,"9":0,"10":0,"11":0,"12":0,"13":0,"14":0,"15":0},"b":{"1":[0,0],"2":[0,0],"3":[0,0],"4":[0,0],"5":[0,0],"6":[0,0],"7":[0,0]},"f":{"1":0,"2":0,"3":0,"4":0,"5":0,"6":0,"7":0},"fnMap":{"1":{"name":"constructor","line":27,"loc":{"start":{"line":27,"column":4},"end":{"line":32,"column":4}}},"2":{"name":"voters","line":36,"loc":{"start":{"line":36,"column":4},"end":{"line":38,"column":4}}},"3":{"name":"approveMint","line":42,"loc":{"start":{"line":42,"column":4},"end":{"line":51,"column":4}}},"4":{"name":"approveRevoke","line":55,"loc":{"start":{"line":55,"column":4},"end":{"line":64,"column":4}}},"5":{"name":"supportsInterface","line":66,"loc":{"start":{"line":66,"column":4},"end":{"line":70,"column":4}}},"6":{"name":"_resetMintApprovals","line":72,"loc":{"start":{"line":72,"column":4},"end":{"line":77,"column":4}}},"7":{"name":"_resetRevokeApprovals","line":79,"loc":{"start":{"line":79,"column":4},"end":{"line":84,"column":4}}}},"statementMap":{"1":{"start":{"line":29,"column":8},"end":{"line":29,"column":981}},"2":{"start":{"line":37,"column":8},"end":{"line":37,"column":27}},"3":{"start":{"line":43,"column":8},"end":{"line":43,"column":58}},"4":{"start":{"line":44,"column":8},"end":{"line":44,"column":87}},"5":{"start":{"line":47,"column":8},"end":{"line":47,"column":1741}},"6":{"start":{"line":48,"column":12},"end":{"line":48,"column":37}},"7":{"start":{"line":49,"column":12},"end":{"line":49,"column":23}},"8":{"start":{"line":56,"column":8},"end":{"line":56,"column":58}},"9":{"start":{"line":57,"column":8},"end":{"line":57,"column":91}},"10":{"start":{"line":60,"column":8},"end":{"line":60,"column":2339}},"11":{"start":{"line":61,"column":12},"end":{"line":61,"column":41}},"12":{"start":{"line":62,"column":12},"end":{"line":62,"column":27}},"13":{"start":{"line":67,"column":8},"end":{"line":67,"column":2654}},"14":{"start":{"line":73,"column":8},"end":{"line":73,"column":2811}},"15":{"start":{"line":80,"column":8},"end":{"line":80,"column":3046}}},"branchMap":{"1":{"line":43,"type":"if","locations":[{"start":{"line":43,"column":8},"end":{"line":43,"column":8}},{"start":{"line":43,"column":8},"end":{"line":43,"column":8}}]},"2":{"line":44,"type":"if","locations":[{"start":{"line":44,"column":8},"end":{"line":44,"column":8}},{"start":{"line":44,"column":8},"end":{"line":44,"column":8}}]},"3":{"line":47,"type":"if","locations":[{"start":{"line":47,"column":8},"end":{"line":47,"column":8}},{"start":{"line":47,"column":8},"end":{"line":47,"column":8}}]},"4":{"line":56,"type":"if","locations":[{"start":{"line":56,"column":8},"end":{"line":56,"column":8}},{"start":{"line":56,"column":8},"end":{"line":56,"column":8}}]},"5":{"line":57,"type":"if","locations":[{"start":{"line":57,"column":8},"end":{"line":57,"column":8}},{"start":{"line":57,"column":8},"end":{"line":57,"column":8}}]},"6":{"line":60,"type":"if","locations":[{"start":{"line":60,"column":8},"end":{"line":60,"column":8}},{"start":{"line":60,"column":8},"end":{"line":60,"column":8}}]},"7":{"line":68,"type":"cond-expr","locations":[{"start":{"line":68,"column":12},"end":{"line":68,"column":61}},{"start":{"line":69,"column":12},"end":{"line":69,"column":47}}]}}},"contracts/ERC4671/ERC4671Delegate.sol":{"l":{"19":0,"27":0,"28":0,"29":0,"30":0,"37":0,"43":0,"44":0,"45":0,"53":0,"61":0,"68":0,"72":0,"78":0,"82":0,"83":0,"85":0,"89":0,"93":0,"94":0,"96":0},"path":"/media/work/Zyft/ZyftySc/contracts/ERC4671/ERC4671Delegate.sol","s":{"1":0,"2":0,"3":0,"4":0,"5":0,"6":0,"7":0,"8":0,"9":0,"10":0,"11":0,"12":0,"13":0,"14":0,"15":0,"16":0,"17":0,"18":0},"b":{"1":[0,0],"2":[0,0],"3":[0,0],"4":[0,0],"5":[0,0],"6":[0,0],"7":[0,0],"8":[0,0]},"f":{"1":0,"2":0,"3":0,"4":0,"5":0,"6":0,"7":0,"8":0,"9":0,"10":0},"fnMap":{"1":{"name":"delegate","line":18,"loc":{"start":{"line":18,"column":4},"end":{"line":20,"column":4}}},"2":{"name":"delegateBatch","line":26,"loc":{"start":{"line":26,"column":4},"end":{"line":32,"column":4}}},"3":{"name":"mint","line":36,"loc":{"start":{"line":36,"column":4},"end":{"line":38,"column":4}}},"4":{"name":"mintBatch","line":42,"loc":{"start":{"line":42,"column":4},"end":{"line":47,"column":4}}},"5":{"name":"issuerOf","line":52,"loc":{"start":{"line":52,"column":4},"end":{"line":54,"column":4}}},"6":{"name":"isDelegate","line":60,"loc":{"start":{"line":60,"column":4},"end":{"line":62,"column":4}}},"7":{"name":"isDelegateOf","line":67,"loc":{"start":{"line":67,"column":4},"end":{"line":69,"column":4}}},"8":{"name":"supportsInterface","line":71,"loc":{"start":{"line":71,"column":4},"end":{"line":75,"column":4}}},"9":{"name":"_delegateAsDelegateOrCreator","line":77,"loc":{"start":{"line":77,"column":4},"end":{"line":86,"column":4}}},"10":{"name":"_mintAsDelegateOrCreator","line":88,"loc":{"start":{"line":88,"column":4},"end":{"line":97,"column":4}}}},"statementMap":{"1":{"start":{"line":19,"column":8},"end":{"line":19,"column":66}},"2":{"start":{"line":27,"column":8},"end":{"line":27,"column":99}},"3":{"start":{"line":28,"column":8},"end":{"line":28,"column":37}},"4":{"start":{"line":29,"column":8},"end":{"line":29,"column":1371}},"5":{"start":{"line":30,"column":12},"end":{"line":30,"column":75}},"6":{"start":{"line":37,"column":8},"end":{"line":37,"column":52}},"7":{"start":{"line":43,"column":8},"end":{"line":43,"column":37}},"8":{"start":{"line":44,"column":8},"end":{"line":44,"column":2053}},"9":{"start":{"line":45,"column":12},"end":{"line":45,"column":57}},"10":{"start":{"line":53,"column":8},"end":{"line":53,"column":48}},"11":{"start":{"line":61,"column":8},"end":{"line":61,"column":40}},"12":{"start":{"line":68,"column":8},"end":{"line":68,"column":44}},"13":{"start":{"line":72,"column":8},"end":{"line":72,"column":3329}},"14":{"start":{"line":78,"column":8},"end":{"line":78,"column":3528}},"15":{"start":{"line":82,"column":8},"end":{"line":82,"column":3679}},"16":{"start":{"line":89,"column":8},"end":{"line":89,"column":3892}},"17":{"start":{"line":93,"column":8},"end":{"line":93,"column":4039}},"18":{"start":{"line":96,"column":8},"end":{"line":96,"column":19}}},"branchMap":{"1":{"line":27,"type":"if","locations":[{"start":{"line":27,"column":8},"end":{"line":27,"column":8}},{"start":{"line":27,"column":8},"end":{"line":27,"column":8}}]},"2":{"line":73,"type":"cond-expr","locations":[{"start":{"line":73,"column":12},"end":{"line":73,"column":60}},{"start":{"line":74,"column":12},"end":{"line":74,"column":47}}]},"3":{"line":78,"type":"if","locations":[{"start":{"line":78,"column":8},"end":{"line":78,"column":8}},{"start":{"line":78,"column":8},"end":{"line":78,"column":8}}]},"4":{"line":79,"type":"cond-expr","locations":[{"start":{"line":79,"column":12},"end":{"line":79,"column":20}},{"start":{"line":79,"column":25},"end":{"line":79,"column":51}}]},"5":{"line":82,"type":"if","locations":[{"start":{"line":82,"column":8},"end":{"line":82,"column":8}},{"start":{"line":82,"column":8},"end":{"line":82,"column":8}}]},"6":{"line":89,"type":"if","locations":[{"start":{"line":89,"column":8},"end":{"line":89,"column":8}},{"start":{"line":89,"column":8},"end":{"line":89,"column":8}}]},"7":{"line":90,"type":"cond-expr","locations":[{"start":{"line":90,"column":12},"end":{"line":90,"column":20}},{"start":{"line":90,"column":25},"end":{"line":90,"column":51}}]},"8":{"line":93,"type":"if","locations":[{"start":{"line":93,"column":8},"end":{"line":93,"column":8}},{"start":{"line":93,"column":8},"end":{"line":93,"column":8}}]}}},"contracts/ERC4671/ERC4671Pull.sol":{"l":{"19":0,"20":0,"22":0,"23":0,"24":0,"25":0,"27":0,"28":0,"29":0,"33":0},"path":"/media/work/Zyft/ZyftySc/contracts/ERC4671/ERC4671Pull.sol","s":{"1":0,"2":0,"3":0,"4":0,"5":0,"6":0,"7":0,"8":0,"9":0,"10":0},"b":{"1":[0,0],"2":[0,0],"3":[0,0]},"f":{"1":0,"2":0},"fnMap":{"1":{"name":"pull","line":18,"loc":{"start":{"line":18,"column":4},"end":{"line":30,"column":4}}},"2":{"name":"supportsInterface","line":32,"loc":{"start":{"line":32,"column":4},"end":{"line":36,"column":4}}}},"statementMap":{"1":{"start":{"line":19,"column":8},"end":{"line":19,"column":56}},"2":{"start":{"line":20,"column":8},"end":{"line":20,"column":77}},"3":{"start":{"line":22,"column":8},"end":{"line":22,"column":38}},"4":{"start":{"line":23,"column":8},"end":{"line":23,"column":84}},"5":{"start":{"line":24,"column":8},"end":{"line":24,"column":65}},"6":{"start":{"line":25,"column":8},"end":{"line":25,"column":75}},"7":{"start":{"line":27,"column":8},"end":{"line":27,"column":32}},"8":{"start":{"line":28,"column":8},"end":{"line":28,"column":28}},"9":{"start":{"line":29,"column":8},"end":{"line":29,"column":45}},"10":{"start":{"line":33,"column":8},"end":{"line":33,"column":1407}}},"branchMap":{"1":{"line":20,"type":"if","locations":[{"start":{"line":20,"column":8},"end":{"line":20,"column":8}},{"start":{"line":20,"column":8},"end":{"line":20,"column":8}}]},"2":{"line":25,"type":"if","locations":[{"start":{"line":25,"column":8},"end":{"line":25,"column":8}},{"start":{"line":25,"column":8},"end":{"line":25,"column":8}}]},"3":{"line":34,"type":"cond-expr","locations":[{"start":{"line":34,"column":12},"end":{"line":34,"column":56}},{"start":{"line":35,"column":12},"end":{"line":35,"column":47}}]}}},"contracts/ERC4671/ERC4671Store.sol":{"l":{"19":0,"20":0,"21":0,"22":0,"28":0,"29":0,"30":0,"31":0,"33":0,"35":0,"36":0,"37":0,"43":0,"47":0,"53":0,"54":0,"55":0},"path":"/media/work/Zyft/ZyftySc/contracts/ERC4671/ERC4671Store.sol","s":{"1":0,"2":0,"3":0,"4":0,"5":0,"6":0,"7":0,"8":0,"9":0,"10":0,"11":0,"12":0,"13":0},"b":{"1":[0,0],"2":[0,0],"3":[0,0],"4":[0,0]},"f":{"1":0,"2":0,"3":0,"4":0,"5":0},"fnMap":{"1":{"name":"add","line":18,"loc":{"start":{"line":18,"column":4},"end":{"line":23,"column":4}}},"2":{"name":"remove","line":27,"loc":{"start":{"line":27,"column":4},"end":{"line":38,"column":4}}},"3":{"name":"get","line":42,"loc":{"start":{"line":42,"column":4},"end":{"line":44,"column":4}}},"4":{"name":"supportsInterface","line":46,"loc":{"start":{"line":46,"column":4},"end":{"line":50,"column":4}}},"5":{"name":"_indexOfTokenOrRevert","line":52,"loc":{"start":{"line":52,"column":4},"end":{"line":56,"column":4}}}},"statementMap":{"1":{"start":{"line":19,"column":8},"end":{"line":19,"column":58}},"2":{"start":{"line":21,"column":8},"end":{"line":21,"column":28}},"3":{"start":{"line":22,"column":8},"end":{"line":22,"column":37}},"4":{"start":{"line":28,"column":8},"end":{"line":28,"column":64}},"5":{"start":{"line":29,"column":8},"end":{"line":29,"column":58}},"6":{"start":{"line":30,"column":8},"end":{"line":30,"column":1204}},"7":{"start":{"line":36,"column":8},"end":{"line":36,"column":22}},"8":{"start":{"line":37,"column":8},"end":{"line":37,"column":39}},"9":{"start":{"line":43,"column":8},"end":{"line":43,"column":30}},"10":{"start":{"line":47,"column":8},"end":{"line":47,"column":1971}},"11":{"start":{"line":53,"column":8},"end":{"line":53,"column":46}},"12":{"start":{"line":54,"column":8},"end":{"line":54,"column":76}},"13":{"start":{"line":55,"column":8},"end":{"line":55,"column":20}}},"branchMap":{"1":{"line":30,"type":"if","locations":[{"start":{"line":30,"column":8},"end":{"line":30,"column":8}},{"start":{"line":30,"column":8},"end":{"line":30,"column":8}}]},"2":{"line":48,"type":"cond-expr","locations":[{"start":{"line":48,"column":12},"end":{"line":48,"column":57}},{"start":{"line":49,"column":12},"end":{"line":49,"column":47}}]},"3":{"line":54,"type":"if","locations":[{"start":{"line":54,"column":8},"end":{"line":54,"column":8}},{"start":{"line":54,"column":8},"end":{"line":54,"column":8}}]},"4":{"line":54,"type":"cond-expr","locations":[{"start":{"line":54,"column":16},"end":{"line":54,"column":24}},{"start":{"line":54,"column":29},"end":{"line":54,"column":54}}]}}},"contracts/ERC4671/IERC4671.sol":{"l":{},"path":"/media/work/Zyft/ZyftySc/contracts/ERC4671/IERC4671.sol","s":{},"b":{},"f":{},"fnMap":{},"statementMap":{},"branchMap":{}},"contracts/ERC4671/IERC4671Consensus.sol":{"l":{},"path":"/media/work/Zyft/ZyftySc/contracts/ERC4671/IERC4671Consensus.sol","s":{},"b":{},"f":{},"fnMap":{},"statementMap":{},"branchMap":{}},"contracts/ERC4671/IERC4671Delegate.sol":{"l":{},"path":"/media/work/Zyft/ZyftySc/contracts/ERC4671/IERC4671Delegate.sol","s":{},"b":{},"f":{},"fnMap":{},"statementMap":{},"branchMap":{}},"contracts/ERC4671/IERC4671Enumerable.sol":{"l":{},"path":"/media/work/Zyft/ZyftySc/contracts/ERC4671/IERC4671Enumerable.sol","s":{},"b":{},"f":{},"fnMap":{},"statementMap":{},"branchMap":{}},"contracts/ERC4671/IERC4671Metadata.sol":{"l":{},"path":"/media/work/Zyft/ZyftySc/contracts/ERC4671/IERC4671Metadata.sol","s":{},"b":{},"f":{},"fnMap":{},"statementMap":{},"branchMap":{}},"contracts/ERC4671/IERC4671Pull.sol":{"l":{},"path":"/media/work/Zyft/ZyftySc/contracts/ERC4671/IERC4671Pull.sol","s":{},"b":{},"f":{},"fnMap":{},"statementMap":{},"branchMap":{}},"contracts/ERC4671/IERC4671Store.sol":{"l":{},"path":"/media/work/Zyft/ZyftySc/contracts/ERC4671/IERC4671Store.sol","s":{},"b":{},"f":{},"fnMap":{},"statementMap":{},"branchMap":{}},"contracts/Lien/ILien.sol":{"l":{},"path":"/media/work/Zyft/ZyftySc/contracts/Lien/ILien.sol","s":{},"b":{},"f":{},"fnMap":{},"statementMap":{},"branchMap":{}},"contracts/Lien/Lien.sol":{"l":{"20":75,"21":75,"22":75,"37":10,"38":10,"39":10,"41":8,"42":8,"44":10,"45":9,"60":0,"61":0,"68":12,"77":4,"78":4,"89":12,"94":28,"102":2,"103":2,"104":2,"112":9,"113":9,"114":7,"115":7,"116":7,"118":2,"119":2},"path":"/media/work/Zyft/ZyftySc/contracts/Lien/Lien.sol","s":{"1":10,"2":10,"3":10,"4":10,"5":9,"6":0,"7":12,"8":4,"9":4,"10":12,"11":28,"12":2,"13":2,"14":9,"15":7,"16":2},"b":{"1":[8,2],"2":[0,0],"3":[7,2]},"f":{"1":75,"2":0,"3":10,"4":20,"5":0,"6":12,"7":4,"8":12,"9":28,"10":2,"11":9},"fnMap":{"1":{"name":"constructor","line":19,"loc":{"start":{"line":19,"column":4},"end":{"line":23,"column":4}}},"2":{"name":"initialize","line":28,"loc":{"start":{"line":28,"column":4},"end":{"line":28,"column":51}}},"3":{"name":"pay","line":36,"loc":{"start":{"line":36,"column":4},"end":{"line":46,"column":4}}},"4":{"name":"update","line":52,"loc":{"start":{"line":52,"column":4},"end":{"line":54,"column":4}}},"5":{"name":"setLienProvider","line":59,"loc":{"start":{"line":59,"column":4},"end":{"line":62,"column":4}}},"6":{"name":"lienProvider","line":67,"loc":{"start":{"line":67,"column":4},"end":{"line":69,"column":4}}},"7":{"name":"balance","line":76,"loc":{"start":{"line":76,"column":4},"end":{"line":79,"column":4}}},"8":{"name":"balanceView","line":88,"loc":{"start":{"line":88,"column":4},"end":{"line":90,"column":4}}},"9":{"name":"asset","line":93,"loc":{"start":{"line":93,"column":4},"end":{"line":95,"column":4}}},"10":{"name":"increaseLien","line":101,"loc":{"start":{"line":101,"column":4},"end":{"line":105,"column":4}}},"11":{"name":"decreaseLien","line":111,"loc":{"start":{"line":111,"column":4},"end":{"line":121,"column":4}}}},"statementMap":{"1":{"start":{"line":37,"column":8},"end":{"line":37,"column":15}},"2":{"start":{"line":38,"column":8},"end":{"line":38,"column":38}},"3":{"start":{"line":39,"column":8},"end":{"line":39,"column":1118}},"4":{"start":{"line":44,"column":8},"end":{"line":44,"column":61}},"5":{"start":{"line":45,"column":8},"end":{"line":45,"column":27}},"6":{"start":{"line":60,"column":8},"end":{"line":60,"column":38}},"7":{"start":{"line":68,"column":8},"end":{"line":68,"column":23}},"8":{"start":{"line":77,"column":8},"end":{"line":77,"column":15}},"9":{"start":{"line":78,"column":8},"end":{"line":78,"column":20}},"10":{"start":{"line":89,"column":8},"end":{"line":89,"column":20}},"11":{"start":{"line":94,"column":8},"end":{"line":94,"column":24}},"12":{"start":{"line":102,"column":8},"end":{"line":102,"column":55}},"13":{"start":{"line":104,"column":8},"end":{"line":104,"column":34}},"14":{"start":{"line":113,"column":8},"end":{"line":113,"column":3414}},"15":{"start":{"line":116,"column":12},"end":{"line":116,"column":37}},"16":{"start":{"line":119,"column":12},"end":{"line":119,"column":38}}},"branchMap":{"1":{"line":39,"type":"if","locations":[{"start":{"line":39,"column":8},"end":{"line":39,"column":8}},{"start":{"line":39,"column":8},"end":{"line":39,"column":8}}]},"2":{"line":60,"type":"if","locations":[{"start":{"line":60,"column":8},"end":{"line":60,"column":8}},{"start":{"line":60,"column":8},"end":{"line":60,"column":8}}]},"3":{"line":113,"type":"if","locations":[{"start":{"line":113,"column":8},"end":{"line":113,"column":8}},{"start":{"line":113,"column":8},"end":{"line":113,"column":8}}]}}},"contracts/Lien/ParametricLien.sol":{"l":{"19":15,"20":15,"21":15,"23":15,"24":15,"25":15,"32":0,"33":0,"38":2,"41":2,"42":2,"43":2},"path":"/media/work/Zyft/ZyftySc/contracts/Lien/ParametricLien.sol","s":{"1":15,"2":2,"3":2,"4":2},"b":{"1":[15,0]},"f":{"1":15,"2":0,"3":2},"fnMap":{"1":{"name":"constructor","line":17,"loc":{"start":{"line":12,"column":4},"end":{"line":26,"column":4}}},"2":{"name":"initialize","line":31,"loc":{"start":{"line":31,"column":4},"end":{"line":34,"column":4}}},"3":{"name":"update","line":36,"loc":{"start":{"line":36,"column":4},"end":{"line":44,"column":4}}}},"statementMap":{"1":{"start":{"line":20,"column":8},"end":{"line":20,"column":500}},"2":{"start":{"line":38,"column":8},"end":{"line":38,"column":65}},"3":{"start":{"line":41,"column":8},"end":{"line":41,"column":63}},"4":{"start":{"line":42,"column":8},"end":{"line":42,"column":61}}},"branchMap":{"1":{"line":20,"type":"if","locations":[{"start":{"line":20,"column":8},"end":{"line":20,"column":8}},{"start":{"line":20,"column":8},"end":{"line":20,"column":8}}]}}},"contracts/TokenEscrow.sol":{"l":{"49":15,"50":15,"64":5,"65":5,"66":5,"68":5,"79":5,"93":8,"97":8,"99":7,"100":7,"102":7,"104":7,"107":7,"108":7,"110":7,"112":7,"113":7,"123":16,"124":16,"133":2,"134":2,"136":1,"138":1,"139":1,"140":1,"141":1,"151":3,"152":3,"156":2,"157":2,"158":2,"159":2,"162":2,"163":2,"165":4,"167":2,"168":2,"172":0,"176":0,"180":7,"184":0,"188":0,"192":0,"193":0,"194":0,"195":0,"196":0,"198":0,"202":2,"203":2,"204":2,"208":0,"212":0,"216":14,"220":11,"221":11,"225":3,"226":2,"230":13,"231":11},"path":"/media/work/Zyft/ZyftySc/contracts/TokenEscrow.sol","s":{"1":5,"2":5,"3":5,"4":5,"5":8,"6":8,"7":7,"8":7,"9":7,"10":7,"11":7,"12":7,"13":7,"14":16,"15":16,"16":2,"17":2,"18":1,"19":1,"20":1,"21":1,"22":3,"23":3,"24":2,"25":2,"26":2,"27":2,"28":2,"29":2,"30":2,"31":0,"32":7,"33":0,"34":0,"35":0,"36":0,"37":0,"38":0,"39":0,"40":2,"41":2,"42":2,"43":0,"44":14,"45":11,"46":3,"47":13},"b":{"1":[5,0],"2":[5,0],"3":[8,2],"4":[8,0],"5":[7,1],"6":[7,0],"7":[7,0],"8":[2,1],"9":[1,1],"10":[3,0],"11":[3,0],"12":[2,1],"13":[2,0],"14":[0,0],"15":[11,0],"16":[2,1],"17":[11,2]},"f":{"1":15,"2":5,"3":8,"4":16,"5":2,"6":3,"7":0,"8":0,"9":7,"10":0,"11":0,"12":0,"13":2,"14":0,"15":0,"16":14,"17":11,"18":3,"19":13},"fnMap":{"1":{"name":"constructor","line":48,"loc":{"start":{"line":48,"column":4},"end":{"line":51,"column":4}}},"2":{"name":"listProperty","line":61,"loc":{"start":{"line":53,"column":4},"end":{"line":80,"column":4}}},"3":{"name":"buyToken","line":91,"loc":{"start":{"line":88,"column":4},"end":{"line":114,"column":4}}},"4":{"name":"createAgreementHash","line":119,"loc":{"start":{"line":119,"column":4},"end":{"line":125,"column":4}}},"5":{"name":"revert","line":130,"loc":{"start":{"line":128,"column":4},"end":{"line":142,"column":4}}},"6":{"name":"execute","line":147,"loc":{"start":{"line":144,"column":4},"end":{"line":169,"column":4}}},"7":{"name":"cleanup","line":171,"loc":{"start":{"line":171,"column":4},"end":{"line":173,"column":4}}},"8":{"name":"getProperty","line":175,"loc":{"start":{"line":175,"column":4},"end":{"line":177,"column":4}}},"9":{"name":"tokensLeft","line":179,"loc":{"start":{"line":179,"column":4},"end":{"line":181,"column":4}}},"10":{"name":"pricePer","line":183,"loc":{"start":{"line":183,"column":4},"end":{"line":185,"column":4}}},"11":{"name":"owedTokens","line":187,"loc":{"start":{"line":187,"column":4},"end":{"line":189,"column":4}}},"12":{"name":"allProperties","line":191,"loc":{"start":{"line":191,"column":4},"end":{"line":199,"column":4}}},"13":{"name":"tokenId","line":201,"loc":{"start":{"line":201,"column":4},"end":{"line":205,"column":4}}},"14":{"name":"setKYCcontract","line":207,"loc":{"start":{"line":207,"column":4},"end":{"line":209,"column":4}}},"15":{"name":"kycContract","line":211,"loc":{"start":{"line":211,"column":4},"end":{"line":213,"column":4}}},"16":{"name":"isOpen","line":215,"loc":{"start":{"line":215,"column":4},"end":{"line":217,"column":4}}},"17":{"name":"withinWindow","line":219,"loc":{"start":{"line":219,"column":4},"end":{"line":222,"column":4}}},"18":{"name":"afterWindow","line":224,"loc":{"start":{"line":224,"column":4},"end":{"line":227,"column":4}}},"19":{"name":"isKYC","line":229,"loc":{"start":{"line":229,"column":4},"end":{"line":232,"column":4}}}},"statementMap":{"1":{"start":{"line":64,"column":8},"end":{"line":64,"column":71}},"2":{"start":{"line":65,"column":8},"end":{"line":65,"column":31}},"3":{"start":{"line":66,"column":8},"end":{"line":66,"column":42}},"4":{"start":{"line":79,"column":8},"end":{"line":79,"column":17}},"5":{"start":{"line":93,"column":8},"end":{"line":93,"column":3081}},"6":{"start":{"line":97,"column":8},"end":{"line":97,"column":95}},"7":{"start":{"line":99,"column":8},"end":{"line":99,"column":74}},"8":{"start":{"line":100,"column":8},"end":{"line":100,"column":61}},"9":{"start":{"line":102,"column":8},"end":{"line":102,"column":65}},"10":{"start":{"line":104,"column":8},"end":{"line":104,"column":43}},"11":{"start":{"line":107,"column":8},"end":{"line":107,"column":63}},"12":{"start":{"line":108,"column":8},"end":{"line":108,"column":3730}},"13":{"start":{"line":110,"column":12},"end":{"line":110,"column":38}},"14":{"start":{"line":123,"column":8},"end":{"line":123,"column":69}},"15":{"start":{"line":124,"column":8},"end":{"line":124,"column":78}},"16":{"start":{"line":133,"column":8},"end":{"line":133,"column":57}},"17":{"start":{"line":134,"column":8},"end":{"line":134,"column":57}},"18":{"start":{"line":136,"column":8},"end":{"line":136,"column":61}},"19":{"start":{"line":138,"column":8},"end":{"line":138,"column":74}},"20":{"start":{"line":139,"column":8},"end":{"line":139,"column":43}},"21":{"start":{"line":140,"column":8},"end":{"line":140,"column":44}},"22":{"start":{"line":151,"column":8},"end":{"line":151,"column":61}},"23":{"start":{"line":152,"column":8},"end":{"line":152,"column":68}},"24":{"start":{"line":156,"column":8},"end":{"line":156,"column":43}},"25":{"start":{"line":157,"column":8},"end":{"line":157,"column":80}},"26":{"start":{"line":158,"column":8},"end":{"line":158,"column":65}},"27":{"start":{"line":159,"column":8},"end":{"line":159,"column":45}},"28":{"start":{"line":162,"column":8},"end":{"line":162,"column":67}},"29":{"start":{"line":163,"column":8},"end":{"line":163,"column":5499}},"30":{"start":{"line":167,"column":8},"end":{"line":167,"column":82}},"31":{"start":{"line":176,"column":8},"end":{"line":176,"column":34}},"32":{"start":{"line":180,"column":8},"end":{"line":180,"column":45}},"33":{"start":{"line":184,"column":8},"end":{"line":184,"column":43}},"34":{"start":{"line":188,"column":8},"end":{"line":188,"column":39}},"35":{"start":{"line":192,"column":8},"end":{"line":192,"column":42}},"36":{"start":{"line":193,"column":8},"end":{"line":193,"column":69}},"37":{"start":{"line":194,"column":8},"end":{"line":194,"column":6543}},"38":{"start":{"line":195,"column":12},"end":{"line":195,"column":60}},"39":{"start":{"line":198,"column":8},"end":{"line":198,"column":25}},"40":{"start":{"line":202,"column":8},"end":{"line":202,"column":57}},"41":{"start":{"line":203,"column":8},"end":{"line":203,"column":47}},"42":{"start":{"line":204,"column":8},"end":{"line":204,"column":20}},"43":{"start":{"line":212,"column":8},"end":{"line":212,"column":27}},"44":{"start":{"line":216,"column":8},"end":{"line":216,"column":88}},"45":{"start":{"line":220,"column":8},"end":{"line":220,"column":46}},"46":{"start":{"line":225,"column":8},"end":{"line":225,"column":51}},"47":{"start":{"line":230,"column":8},"end":{"line":230,"column":94}}},"branchMap":{"1":{"line":61,"type":"if","locations":[{"start":{"line":61,"column":8},"end":{"line":61,"column":8}},{"start":{"line":61,"column":8},"end":{"line":61,"column":8}}]},"2":{"line":64,"type":"if","locations":[{"start":{"line":64,"column":8},"end":{"line":64,"column":8}},{"start":{"line":64,"column":8},"end":{"line":64,"column":8}}]},"3":{"line":90,"type":"if","locations":[{"start":{"line":90,"column":8},"end":{"line":90,"column":8}},{"start":{"line":90,"column":8},"end":{"line":90,"column":8}}]},"4":{"line":91,"type":"if","locations":[{"start":{"line":91,"column":8},"end":{"line":91,"column":8}},{"start":{"line":91,"column":8},"end":{"line":91,"column":8}}]},"5":{"line":97,"type":"if","locations":[{"start":{"line":97,"column":8},"end":{"line":97,"column":8}},{"start":{"line":97,"column":8},"end":{"line":97,"column":8}}]},"6":{"line":99,"type":"if","locations":[{"start":{"line":99,"column":8},"end":{"line":99,"column":8}},{"start":{"line":99,"column":8},"end":{"line":99,"column":8}}]},"7":{"line":108,"type":"if","locations":[{"start":{"line":108,"column":8},"end":{"line":108,"column":8}},{"start":{"line":108,"column":8},"end":{"line":108,"column":8}}]},"8":{"line":130,"type":"if","locations":[{"start":{"line":130,"column":8},"end":{"line":130,"column":8}},{"start":{"line":130,"column":8},"end":{"line":130,"column":8}}]},"9":{"line":134,"type":"if","locations":[{"start":{"line":134,"column":8},"end":{"line":134,"column":8}},{"start":{"line":134,"column":8},"end":{"line":134,"column":8}}]},"10":{"line":146,"type":"if","locations":[{"start":{"line":146,"column":8},"end":{"line":146,"column":8}},{"start":{"line":146,"column":8},"end":{"line":146,"column":8}}]},"11":{"line":147,"type":"if","locations":[{"start":{"line":147,"column":8},"end":{"line":147,"column":8}},{"start":{"line":147,"column":8},"end":{"line":147,"column":8}}]},"12":{"line":152,"type":"if","locations":[{"start":{"line":152,"column":8},"end":{"line":152,"column":8}},{"start":{"line":152,"column":8},"end":{"line":152,"column":8}}]},"13":{"line":203,"type":"if","locations":[{"start":{"line":203,"column":8},"end":{"line":203,"column":8}},{"start":{"line":203,"column":8},"end":{"line":203,"column":8}}]},"14":{"line":207,"type":"if","locations":[{"start":{"line":207,"column":55},"end":{"line":207,"column":55}},{"start":{"line":207,"column":55},"end":{"line":207,"column":55}}]},"15":{"line":220,"type":"if","locations":[{"start":{"line":220,"column":8},"end":{"line":220,"column":8}},{"start":{"line":220,"column":8},"end":{"line":220,"column":8}}]},"16":{"line":225,"type":"if","locations":[{"start":{"line":225,"column":8},"end":{"line":225,"column":8}},{"start":{"line":225,"column":8},"end":{"line":225,"column":8}}]},"17":{"line":230,"type":"if","locations":[{"start":{"line":230,"column":8},"end":{"line":230,"column":8}},{"start":{"line":230,"column":8},"end":{"line":230,"column":8}}]}}},"contracts/ZyftyAuction.sol":{"l":{"42":4,"43":4,"44":4,"45":4,"47":4,"48":4,"65":6,"66":6,"67":6,"70":6,"71":6,"72":6,"75":5,"76":5,"79":5,"80":5,"81":5,"82":5,"86":3,"91":2,"92":2,"93":2,"95":1,"96":1,"97":1,"99":1,"100":1,"104":1,"105":0,"110":10,"116":3,"117":3,"118":3,"120":1,"121":1,"124":2,"125":2,"126":2,"127":2,"128":2,"129":2,"133":3,"134":3,"138":6,"139":6},"path":"/media/work/Zyft/ZyftySc/contracts/ZyftyAuction.sol","s":{"1":4,"2":4,"3":4,"4":4,"5":4,"6":6,"7":6,"8":6,"9":6,"10":6,"11":5,"12":5,"13":5,"14":3,"15":2,"16":2,"17":2,"18":1,"19":1,"20":1,"21":1,"22":10,"23":3,"24":3,"25":3,"26":1,"27":1,"28":2,"29":2,"30":2,"31":2,"32":2,"33":2,"34":3,"35":6},"b":{"1":[4,0],"2":[6,0],"3":[6,0],"4":[5,1],"5":[5,0],"6":[2,0],"7":[1,1],"8":[1,0],"9":[0,1],"10":[3,0],"11":[1,2],"12":[3,0],"13":[6,0]},"f":{"1":4,"2":6,"3":3,"4":2,"5":1,"6":10,"7":3,"8":3,"9":6},"fnMap":{"1":{"name":"createAuction","line":35,"loc":{"start":{"line":35,"column":4},"end":{"line":61,"column":4}}},"2":{"name":"bid","line":64,"loc":{"start":{"line":64,"column":4},"end":{"line":83,"column":4}}},"3":{"name":"getDeposit","line":85,"loc":{"start":{"line":85,"column":4},"end":{"line":87,"column":4}}},"4":{"name":"withdrawFromAuction","line":90,"loc":{"start":{"line":90,"column":4},"end":{"line":101,"column":4}}},"5":{"name":"tryClean","line":103,"loc":{"start":{"line":103,"column":4},"end":{"line":107,"column":4}}},"6":{"name":"auctionClosed","line":109,"loc":{"start":{"line":109,"column":4},"end":{"line":111,"column":4}}},"7":{"name":"close","line":114,"loc":{"start":{"line":114,"column":4},"end":{"line":130,"column":4}}},"8":{"name":"onlyClosed","line":132,"loc":{"start":{"line":132,"column":4},"end":{"line":135,"column":4}}},"9":{"name":"onlyOpened","line":137,"loc":{"start":{"line":137,"column":4},"end":{"line":140,"column":4}}}},"statementMap":{"1":{"start":{"line":42,"column":8},"end":{"line":42,"column":83}},"2":{"start":{"line":43,"column":8},"end":{"line":43,"column":30}},"3":{"start":{"line":44,"column":8},"end":{"line":44,"column":46}},"4":{"start":{"line":45,"column":8},"end":{"line":45,"column":59}},"5":{"start":{"line":47,"column":8},"end":{"line":47,"column":42}},"6":{"start":{"line":65,"column":8},"end":{"line":65,"column":46}},"7":{"start":{"line":66,"column":8},"end":{"line":66,"column":54}},"8":{"start":{"line":67,"column":8},"end":{"line":67,"column":2711}},"9":{"start":{"line":70,"column":8},"end":{"line":70,"column":90}},"10":{"start":{"line":72,"column":8},"end":{"line":72,"column":98}},"11":{"start":{"line":75,"column":8},"end":{"line":75,"column":3186}},"12":{"start":{"line":79,"column":8},"end":{"line":79,"column":44}},"13":{"start":{"line":80,"column":8},"end":{"line":80,"column":60}},"14":{"start":{"line":86,"column":8},"end":{"line":86,"column":42}},"15":{"start":{"line":91,"column":8},"end":{"line":91,"column":49}},"16":{"start":{"line":92,"column":8},"end":{"line":92,"column":62}},"17":{"start":{"line":93,"column":8},"end":{"line":93,"column":148}},"18":{"start":{"line":95,"column":8},"end":{"line":95,"column":49}},"19":{"start":{"line":96,"column":8},"end":{"line":96,"column":41}},"20":{"start":{"line":100,"column":8},"end":{"line":100,"column":19}},"21":{"start":{"line":104,"column":8},"end":{"line":104,"column":4280}},"22":{"start":{"line":110,"column":8},"end":{"line":110,"column":92}},"23":{"start":{"line":116,"column":8},"end":{"line":116,"column":46}},"24":{"start":{"line":117,"column":8},"end":{"line":117,"column":54}},"25":{"start":{"line":118,"column":8},"end":{"line":118,"column":4825}},"26":{"start":{"line":120,"column":12},"end":{"line":120,"column":75}},"27":{"start":{"line":121,"column":12},"end":{"line":121,"column":18}},"28":{"start":{"line":124,"column":8},"end":{"line":124,"column":48}},"29":{"start":{"line":125,"column":8},"end":{"line":125,"column":40}},"30":{"start":{"line":126,"column":8},"end":{"line":126,"column":44}},"31":{"start":{"line":127,"column":8},"end":{"line":127,"column":36}},"32":{"start":{"line":128,"column":8},"end":{"line":128,"column":57}},"33":{"start":{"line":129,"column":8},"end":{"line":129,"column":78}},"34":{"start":{"line":133,"column":8},"end":{"line":133,"column":63}},"35":{"start":{"line":138,"column":8},"end":{"line":138,"column":64}}},"branchMap":{"1":{"line":42,"type":"if","locations":[{"start":{"line":42,"column":8},"end":{"line":42,"column":8}},{"start":{"line":42,"column":8},"end":{"line":42,"column":8}}]},"2":{"line":64,"type":"if","locations":[{"start":{"line":64,"column":85},"end":{"line":64,"column":85}},{"start":{"line":64,"column":85},"end":{"line":64,"column":85}}]},"3":{"line":70,"type":"if","locations":[{"start":{"line":70,"column":8},"end":{"line":70,"column":8}},{"start":{"line":70,"column":8},"end":{"line":70,"column":8}}]},"4":{"line":72,"type":"if","locations":[{"start":{"line":72,"column":8},"end":{"line":72,"column":8}},{"start":{"line":72,"column":8},"end":{"line":72,"column":8}}]},"5":{"line":75,"type":"if","locations":[{"start":{"line":75,"column":8},"end":{"line":75,"column":8}},{"start":{"line":75,"column":8},"end":{"line":75,"column":8}}]},"6":{"line":92,"type":"if","locations":[{"start":{"line":92,"column":8},"end":{"line":92,"column":8}},{"start":{"line":92,"column":8},"end":{"line":92,"column":8}}]},"7":{"line":93,"type":"if","locations":[{"start":{"line":93,"column":8},"end":{"line":93,"column":8}},{"start":{"line":93,"column":8},"end":{"line":93,"column":8}}]},"8":{"line":93,"type":"cond-expr","locations":[{"start":{"line":93,"column":16},"end":{"line":93,"column":55}},{"start":{"line":93,"column":60},"end":{"line":93,"column":76}}]},"9":{"line":104,"type":"if","locations":[{"start":{"line":104,"column":8},"end":{"line":104,"column":8}},{"start":{"line":104,"column":8},"end":{"line":104,"column":8}}]},"10":{"line":114,"type":"if","locations":[{"start":{"line":114,"column":38},"end":{"line":114,"column":38}},{"start":{"line":114,"column":38},"end":{"line":114,"column":38}}]},"11":{"line":118,"type":"if","locations":[{"start":{"line":118,"column":8},"end":{"line":118,"column":8}},{"start":{"line":118,"column":8},"end":{"line":118,"column":8}}]},"12":{"line":133,"type":"if","locations":[{"start":{"line":133,"column":8},"end":{"line":133,"column":8}},{"start":{"line":133,"column":8},"end":{"line":133,"column":8}}]},"13":{"line":138,"type":"if","locations":[{"start":{"line":138,"column":8},"end":{"line":138,"column":8}},{"start":{"line":138,"column":8},"end":{"line":138,"column":8}}]}}},"contracts/ZyftyKYC.sol":{"l":{"14":3,"18":0,"24":4,"25":4,"29":2,"30":2,"31":2,"34":2,"35":1,"36":1,"38":2,"42":6,"47":6,"51":0},"path":"/media/work/Zyft/ZyftySc/contracts/ZyftyKYC.sol","s":{"1":4,"2":4,"3":2,"4":2,"5":2,"6":2,"7":2,"8":6,"9":0},"b":{"1":[0,0],"2":[4,0],"3":[4,0],"4":[2,0],"5":[2,0],"6":[6,0]},"f":{"1":3,"2":0,"3":4,"4":2,"5":6,"6":0},"fnMap":{"1":{"name":"constructor","line":13,"loc":{"start":{"line":13,"column":4},"end":{"line":15,"column":4}}},"2":{"name":"changeIssuer","line":17,"loc":{"start":{"line":17,"column":4},"end":{"line":19,"column":4}}},"3":{"name":"mint","line":21,"loc":{"start":{"line":21,"column":4},"end":{"line":26,"column":4}}},"4":{"name":"revoke","line":28,"loc":{"start":{"line":28,"column":4},"end":{"line":39,"column":4}}},"5":{"name":"onlyIssuer","line":41,"loc":{"start":{"line":41,"column":4},"end":{"line":48,"column":4}}},"6":{"name":"_baseURI","line":50,"loc":{"start":{"line":50,"column":4},"end":{"line":52,"column":4}}}},"statementMap":{"1":{"start":{"line":24,"column":8},"end":{"line":24,"column":81}},"2":{"start":{"line":25,"column":8},"end":{"line":25,"column":19}},"3":{"start":{"line":29,"column":8},"end":{"line":29,"column":80}},"4":{"start":{"line":30,"column":8},"end":{"line":30,"column":25}},"5":{"start":{"line":31,"column":8},"end":{"line":31,"column":60}},"6":{"start":{"line":34,"column":8},"end":{"line":34,"column":1028}},"7":{"start":{"line":38,"column":8},"end":{"line":38,"column":21}},"8":{"start":{"line":42,"column":8},"end":{"line":42,"column":1210}},"9":{"start":{"line":51,"column":8},"end":{"line":51,"column":17}}},"branchMap":{"1":{"line":17,"type":"if","locations":[{"start":{"line":17,"column":53},"end":{"line":17,"column":53}},{"start":{"line":17,"column":53},"end":{"line":17,"column":53}}]},"2":{"line":21,"type":"if","locations":[{"start":{"line":21,"column":40},"end":{"line":21,"column":40}},{"start":{"line":21,"column":40},"end":{"line":21,"column":40}}]},"3":{"line":24,"type":"if","locations":[{"start":{"line":24,"column":8},"end":{"line":24,"column":8}},{"start":{"line":24,"column":8},"end":{"line":24,"column":8}}]},"4":{"line":28,"type":"if","locations":[{"start":{"line":28,"column":45},"end":{"line":28,"column":45}},{"start":{"line":28,"column":45},"end":{"line":28,"column":45}}]},"5":{"line":29,"type":"if","locations":[{"start":{"line":29,"column":8},"end":{"line":29,"column":8}},{"start":{"line":29,"column":8},"end":{"line":29,"column":8}}]},"6":{"line":42,"type":"if","locations":[{"start":{"line":42,"column":8},"end":{"line":42,"column":8}},{"start":{"line":42,"column":8},"end":{"line":42,"column":8}}]}}},"contracts/ZyftyNFT.sol":{"l":{"39":39,"43":0,"47":2,"55":22,"57":22,"58":22,"60":22,"70":22,"74":0,"75":0,"76":0,"86":25,"87":25,"95":2,"96":2,"97":2,"99":2,"100":2,"101":2,"102":2,"112":4,"113":4,"114":3,"115":2,"116":2,"117":2,"118":2,"119":2,"120":2,"128":4,"131":4,"132":4,"133":4,"144":6,"145":6,"146":5,"147":5,"148":1,"150":5,"151":5,"163":1,"164":1,"165":1,"166":1,"178":3,"179":3,"180":3,"181":3,"182":3,"183":0,"185":3,"186":3,"187":3,"188":3,"193":1,"198":0,"208":1,"209":1,"220":16,"221":16,"232":0,"240":0,"251":20,"252":19,"260":0,"261":0,"268":10,"269":10,"278":0,"280":0},"path":"/media/work/Zyft/ZyftySc/contracts/ZyftyNFT.sol","s":{"1":22,"2":22,"3":22,"4":22,"5":0,"6":0,"7":25,"8":25,"9":2,"10":2,"11":2,"12":2,"13":2,"14":2,"15":4,"16":4,"17":3,"18":2,"19":2,"20":2,"21":2,"22":4,"23":4,"24":4,"25":6,"26":6,"27":5,"28":5,"29":5,"30":1,"31":1,"32":1,"33":1,"34":3,"35":3,"36":3,"37":3,"38":3,"39":3,"40":3,"41":3,"42":1,"43":16,"44":0,"45":0,"46":20,"47":19,"48":0,"49":0,"50":10,"51":0,"52":0},"b":{"1":[2,0],"2":[0,0],"3":[0,0],"4":[2,0],"5":[2,0],"6":[2,0],"7":[3,1],"8":[2,1],"9":[2,0],"10":[4,0],"11":[6,0],"12":[5,1],"13":[1,4],"14":[1,0],"15":[3,0],"16":[0,3],"17":[1,0],"18":[0,0],"19":[1,0],"20":[16,0],"21":[19,1],"22":[0,0],"23":[10,0],"24":[0,0],"25":[0,0],"26":[0,0],"27":[0,0],"28":[0,0]},"f":{"1":39,"2":0,"3":2,"4":22,"5":0,"6":25,"7":2,"8":4,"9":4,"10":6,"11":1,"12":3,"13":1,"14":0,"15":1,"16":16,"17":0,"18":0,"19":20,"20":0,"21":10,"22":0},"fnMap":{"1":{"name":"constructor","line":37,"loc":{"start":{"line":36,"column":4},"end":{"line":40,"column":4}}},"2":{"name":"currentEscrow","line":42,"loc":{"start":{"line":42,"column":4},"end":{"line":44,"column":4}}},"3":{"name":"updateEscrow","line":46,"loc":{"start":{"line":46,"column":4},"end":{"line":48,"column":4}}},"4":{"name":"mint","line":50,"loc":{"start":{"line":50,"column":4},"end":{"line":71,"column":4}}},"5":{"name":"setSignMessage","line":73,"loc":{"start":{"line":73,"column":4},"end":{"line":77,"column":4}}},"6":{"name":"createAgreementHash","line":82,"loc":{"start":{"line":82,"column":4},"end":{"line":88,"column":4}}},"7":{"name":"proposeLienUpdate","line":94,"loc":{"start":{"line":94,"column":4},"end":{"line":103,"column":4}}},"8":{"name":"acceptLienUpdate","line":111,"loc":{"start":{"line":111,"column":4},"end":{"line":121,"column":4}}},"9":{"name":"increaseReserve","line":127,"loc":{"start":{"line":127,"column":4},"end":{"line":134,"column":4}}},"10":{"name":"redeemReserve","line":143,"loc":{"start":{"line":143,"column":4},"end":{"line":152,"column":4}}},"11":{"name":"payLienFull","line":159,"loc":{"start":{"line":159,"column":4},"end":{"line":167,"column":4}}},"12":{"name":"payLien","line":174,"loc":{"start":{"line":174,"column":4},"end":{"line":189,"column":4}}},"13":{"name":"lockNFT","line":191,"loc":{"start":{"line":191,"column":4},"end":{"line":194,"column":4}}},"14":{"name":"unlockNFT","line":196,"loc":{"start":{"line":196,"column":4},"end":{"line":199,"column":4}}},"15":{"name":"destroyNFT","line":206,"loc":{"start":{"line":204,"column":4},"end":{"line":210,"column":4}}},"16":{"name":"asset","line":216,"loc":{"start":{"line":216,"column":4},"end":{"line":222,"column":4}}},"17":{"name":"getAccount","line":227,"loc":{"start":{"line":227,"column":4},"end":{"line":233,"column":4}}},"18":{"name":"tokenURI","line":235,"loc":{"start":{"line":235,"column":4},"end":{"line":241,"column":4}}},"19":{"name":"lien","line":246,"loc":{"start":{"line":246,"column":4},"end":{"line":253,"column":4}}},"20":{"name":"leaseHash","line":255,"loc":{"start":{"line":255,"column":4},"end":{"line":262,"column":4}}},"21":{"name":"getReserve","line":264,"loc":{"start":{"line":264,"column":4},"end":{"line":270,"column":4}}},"22":{"name":"_beforeTokenTransfer","line":272,"loc":{"start":{"line":272,"column":4},"end":{"line":281,"column":4}}}},"statementMap":{"1":{"start":{"line":55,"column":8},"end":{"line":55,"column":28}},"2":{"start":{"line":57,"column":8},"end":{"line":57,"column":47}},"3":{"start":{"line":58,"column":8},"end":{"line":58,"column":34}},"4":{"start":{"line":70,"column":8},"end":{"line":70,"column":24}},"5":{"start":{"line":74,"column":8},"end":{"line":74,"column":47}},"6":{"start":{"line":75,"column":8},"end":{"line":75,"column":157}},"7":{"start":{"line":86,"column":8},"end":{"line":86,"column":46}},"8":{"start":{"line":87,"column":8},"end":{"line":87,"column":99}},"9":{"start":{"line":95,"column":8},"end":{"line":95,"column":61}},"10":{"start":{"line":96,"column":8},"end":{"line":96,"column":47}},"11":{"start":{"line":97,"column":8},"end":{"line":97,"column":104}},"12":{"start":{"line":99,"column":8},"end":{"line":99,"column":45}},"13":{"start":{"line":100,"column":8},"end":{"line":100,"column":119}},"14":{"start":{"line":102,"column":8},"end":{"line":102,"column":56}},"15":{"start":{"line":112,"column":8},"end":{"line":112,"column":42}},"16":{"start":{"line":113,"column":8},"end":{"line":113,"column":66}},"17":{"start":{"line":114,"column":8},"end":{"line":114,"column":103}},"18":{"start":{"line":115,"column":8},"end":{"line":115,"column":46}},"19":{"start":{"line":116,"column":8},"end":{"line":116,"column":80}},"20":{"start":{"line":117,"column":8},"end":{"line":117,"column":41}},"21":{"start":{"line":120,"column":8},"end":{"line":120,"column":57}},"22":{"start":{"line":128,"column":8},"end":{"line":128,"column":61}},"23":{"start":{"line":131,"column":8},"end":{"line":131,"column":45}},"24":{"start":{"line":132,"column":8},"end":{"line":132,"column":60}},"25":{"start":{"line":144,"column":8},"end":{"line":144,"column":61}},"26":{"start":{"line":145,"column":8},"end":{"line":145,"column":71}},"27":{"start":{"line":146,"column":8},"end":{"line":146,"column":47}},"28":{"start":{"line":147,"column":8},"end":{"line":147,"column":5454}},"29":{"start":{"line":150,"column":8},"end":{"line":150,"column":58}},"30":{"start":{"line":163,"column":8},"end":{"line":163,"column":85}},"31":{"start":{"line":164,"column":8},"end":{"line":164,"column":41}},"32":{"start":{"line":165,"column":8},"end":{"line":165,"column":39}},"33":{"start":{"line":166,"column":8},"end":{"line":166,"column":39}},"34":{"start":{"line":178,"column":8},"end":{"line":178,"column":61}},"35":{"start":{"line":179,"column":8},"end":{"line":179,"column":40}},"36":{"start":{"line":180,"column":8},"end":{"line":180,"column":33}},"37":{"start":{"line":181,"column":8},"end":{"line":181,"column":47}},"38":{"start":{"line":182,"column":8},"end":{"line":182,"column":6656}},"39":{"start":{"line":185,"column":8},"end":{"line":185,"column":55}},"40":{"start":{"line":186,"column":8},"end":{"line":186,"column":41}},"41":{"start":{"line":188,"column":8},"end":{"line":188,"column":33}},"42":{"start":{"line":208,"column":8},"end":{"line":208,"column":16}},"43":{"start":{"line":220,"column":8},"end":{"line":220,"column":56}},"44":{"start":{"line":232,"column":8},"end":{"line":232,"column":32}},"45":{"start":{"line":240,"column":8},"end":{"line":240,"column":36}},"46":{"start":{"line":251,"column":8},"end":{"line":251,"column":61}},"47":{"start":{"line":252,"column":8},"end":{"line":252,"column":44}},"48":{"start":{"line":260,"column":8},"end":{"line":260,"column":61}},"49":{"start":{"line":261,"column":8},"end":{"line":261,"column":43}},"50":{"start":{"line":268,"column":8},"end":{"line":268,"column":56}},"51":{"start":{"line":278,"column":8},"end":{"line":278,"column":135}},"52":{"start":{"line":280,"column":8},"end":{"line":280,"column":53}}},"branchMap":{"1":{"line":46,"type":"if","locations":[{"start":{"line":46,"column":50},"end":{"line":46,"column":50}},{"start":{"line":46,"column":50},"end":{"line":46,"column":50}}]},"2":{"line":75,"type":"if","locations":[{"start":{"line":75,"column":8},"end":{"line":75,"column":8}},{"start":{"line":75,"column":8},"end":{"line":75,"column":8}}]},"3":{"line":75,"type":"cond-expr","locations":[{"start":{"line":75,"column":16},"end":{"line":75,"column":45}},{"start":{"line":75,"column":50},"end":{"line":75,"column":98}}]},"4":{"line":95,"type":"if","locations":[{"start":{"line":95,"column":8},"end":{"line":95,"column":8}},{"start":{"line":95,"column":8},"end":{"line":95,"column":8}}]},"5":{"line":97,"type":"if","locations":[{"start":{"line":97,"column":8},"end":{"line":97,"column":8}},{"start":{"line":97,"column":8},"end":{"line":97,"column":8}}]},"6":{"line":100,"type":"if","locations":[{"start":{"line":100,"column":8},"end":{"line":100,"column":8}},{"start":{"line":100,"column":8},"end":{"line":100,"column":8}}]},"7":{"line":113,"type":"if","locations":[{"start":{"line":113,"column":8},"end":{"line":113,"column":8}},{"start":{"line":113,"column":8},"end":{"line":113,"column":8}}]},"8":{"line":114,"type":"if","locations":[{"start":{"line":114,"column":8},"end":{"line":114,"column":8}},{"start":{"line":114,"column":8},"end":{"line":114,"column":8}}]},"9":{"line":116,"type":"if","locations":[{"start":{"line":116,"column":8},"end":{"line":116,"column":8}},{"start":{"line":116,"column":8},"end":{"line":116,"column":8}}]},"10":{"line":128,"type":"if","locations":[{"start":{"line":128,"column":8},"end":{"line":128,"column":8}},{"start":{"line":128,"column":8},"end":{"line":128,"column":8}}]},"11":{"line":144,"type":"if","locations":[{"start":{"line":144,"column":8},"end":{"line":144,"column":8}},{"start":{"line":144,"column":8},"end":{"line":144,"column":8}}]},"12":{"line":145,"type":"if","locations":[{"start":{"line":145,"column":8},"end":{"line":145,"column":8}},{"start":{"line":145,"column":8},"end":{"line":145,"column":8}}]},"13":{"line":147,"type":"if","locations":[{"start":{"line":147,"column":8},"end":{"line":147,"column":8}},{"start":{"line":147,"column":8},"end":{"line":147,"column":8}}]},"14":{"line":163,"type":"if","locations":[{"start":{"line":163,"column":8},"end":{"line":163,"column":8}},{"start":{"line":163,"column":8},"end":{"line":163,"column":8}}]},"15":{"line":178,"type":"if","locations":[{"start":{"line":178,"column":8},"end":{"line":178,"column":8}},{"start":{"line":178,"column":8},"end":{"line":178,"column":8}}]},"16":{"line":182,"type":"if","locations":[{"start":{"line":182,"column":8},"end":{"line":182,"column":8}},{"start":{"line":182,"column":8},"end":{"line":182,"column":8}}]},"17":{"line":191,"type":"if","locations":[{"start":{"line":191,"column":40},"end":{"line":191,"column":40}},{"start":{"line":191,"column":40},"end":{"line":191,"column":40}}]},"18":{"line":196,"type":"if","locations":[{"start":{"line":196,"column":42},"end":{"line":196,"column":42}},{"start":{"line":196,"column":42},"end":{"line":196,"column":42}}]},"19":{"line":206,"type":"if","locations":[{"start":{"line":206,"column":8},"end":{"line":206,"column":8}},{"start":{"line":206,"column":8},"end":{"line":206,"column":8}}]},"20":{"line":220,"type":"if","locations":[{"start":{"line":220,"column":8},"end":{"line":220,"column":8}},{"start":{"line":220,"column":8},"end":{"line":220,"column":8}}]},"21":{"line":251,"type":"if","locations":[{"start":{"line":251,"column":8},"end":{"line":251,"column":8}},{"start":{"line":251,"column":8},"end":{"line":251,"column":8}}]},"22":{"line":260,"type":"if","locations":[{"start":{"line":260,"column":8},"end":{"line":260,"column":8}},{"start":{"line":260,"column":8},"end":{"line":260,"column":8}}]},"23":{"line":268,"type":"if","locations":[{"start":{"line":268,"column":8},"end":{"line":268,"column":8}},{"start":{"line":268,"column":8},"end":{"line":268,"column":8}}]},"24":{"line":278,"type":"if","locations":[{"start":{"line":278,"column":8},"end":{"line":278,"column":8}},{"start":{"line":278,"column":8},"end":{"line":278,"column":8}}]},"25":{"line":278,"type":"cond-expr","locations":[{"start":{"line":278,"column":16},"end":{"line":278,"column":33}},{"start":{"line":278,"column":38},"end":{"line":278,"column":53}}]},"26":{"line":278,"type":"cond-expr","locations":[{"start":{"line":278,"column":16},"end":{"line":278,"column":53}},{"start":{"line":278,"column":58},"end":{"line":278,"column":71}}]},"27":{"line":278,"type":"cond-expr","locations":[{"start":{"line":278,"column":16},"end":{"line":278,"column":71}},{"start":{"line":278,"column":76},"end":{"line":278,"column":87}}]},"28":{"line":280,"type":"if","locations":[{"start":{"line":280,"column":8},"end":{"line":280,"column":8}},{"start":{"line":280,"column":8},"end":{"line":280,"column":8}}]}}},"contracts/ZyftySalesContract.sol":{"l":{"18":93,"19":93,"20":93,"24":0,"72":8,"73":8,"74":8,"75":8,"76":8,"78":8,"79":8,"80":8,"89":8,"90":8,"98":9,"99":9,"107":1,"108":1,"123":7,"124":7,"128":7,"129":5,"131":5,"132":5,"133":5,"141":2,"142":1,"143":1,"144":1,"146":1,"147":1,"155":1,"156":1,"157":1,"158":1,"159":1,"160":1,"161":0,"163":1,"165":1,"174":3,"175":3,"176":3,"178":3,"179":3,"181":3,"183":2,"185":2,"186":2,"188":2,"191":2,"194":2,"196":2,"199":2,"200":2,"202":2,"206":3,"210":23,"211":22,"215":5,"216":3,"220":22,"221":22,"225":9,"226":7,"230":2},"path":"/media/work/Zyft/ZyftySc/contracts/ZyftySalesContract.sol","s":{"1":93,"2":93,"3":93,"4":0,"5":8,"6":8,"7":8,"8":8,"9":8,"10":8,"11":8,"12":8,"13":8,"14":9,"15":1,"16":7,"17":7,"18":7,"19":5,"20":5,"21":2,"22":1,"23":1,"24":1,"25":1,"26":1,"27":1,"28":1,"29":1,"30":1,"31":1,"32":0,"33":3,"34":3,"35":3,"36":3,"37":3,"38":3,"39":2,"40":2,"41":2,"42":2,"43":2,"44":2,"45":2,"46":2,"47":2,"48":2,"49":23,"50":5,"51":22,"52":9,"53":2},"b":{"1":[8,0],"2":[9,0],"3":[9,0],"4":[9,0],"5":[1,0],"6":[1,0],"7":[1,0],"8":[9,0],"9":[9,0],"10":[7,2],"11":[5,2],"12":[2,0],"13":[1,1],"14":[1,0],"15":[1,2],"16":[1,0],"17":[1,0],"18":[0,1],"19":[3,1],"20":[3,0],"21":[3,0],"22":[0,3],"23":[2,1],"24":[22,1],"25":[3,2],"26":[22,0],"27":[7,2]},"f":{"1":93,"2":0,"3":8,"4":9,"5":1,"6":7,"7":2,"8":1,"9":3,"10":3,"11":23,"12":5,"13":22,"14":9,"15":2},"fnMap":{"1":{"name":"constructor","line":17,"loc":{"start":{"line":17,"column":4},"end":{"line":21,"column":4}}},"2":{"name":"test_mint","line":23,"loc":{"start":{"line":23,"column":4},"end":{"line":25,"column":4}}},"3":{"name":"sellProperty","line":63,"loc":{"start":{"line":63,"column":4},"end":{"line":91,"column":4}}},"4":{"name":"addBuyer","line":96,"loc":{"start":{"line":93,"column":4},"end":{"line":100,"column":4}}},"5":{"name":"removeBuyer","line":105,"loc":{"start":{"line":102,"column":4},"end":{"line":109,"column":4}}},"6":{"name":"buyProperty","line":121,"loc":{"start":{"line":117,"column":4},"end":{"line":134,"column":4}}},"7":{"name":"revertSeller","line":139,"loc":{"start":{"line":137,"column":4},"end":{"line":149,"column":4}}},"8":{"name":"revertBuyer","line":153,"loc":{"start":{"line":151,"column":4},"end":{"line":167,"column":4}}},"9":{"name":"execute","line":172,"loc":{"start":{"line":169,"column":4},"end":{"line":203,"column":4}}},"10":{"name":"cleanup","line":205,"loc":{"start":{"line":205,"column":4},"end":{"line":207,"column":4}}},"11":{"name":"withinWindow","line":209,"loc":{"start":{"line":209,"column":4},"end":{"line":212,"column":4}}},"12":{"name":"afterWindow","line":214,"loc":{"start":{"line":214,"column":4},"end":{"line":217,"column":4}}},"13":{"name":"inState","line":219,"loc":{"start":{"line":219,"column":4},"end":{"line":222,"column":4}}},"14":{"name":"canBuy","line":224,"loc":{"start":{"line":224,"column":4},"end":{"line":227,"column":4}}},"15":{"name":"getProperty","line":229,"loc":{"start":{"line":229,"column":4},"end":{"line":231,"column":4}}}},"statementMap":{"1":{"start":{"line":18,"column":8},"end":{"line":18,"column":23}},"2":{"start":{"line":19,"column":8},"end":{"line":19,"column":23}},"3":{"start":{"line":20,"column":8},"end":{"line":20,"column":23}},"4":{"start":{"line":24,"column":8},"end":{"line":24,"column":23}},"5":{"start":{"line":72,"column":8},"end":{"line":72,"column":93}},"6":{"start":{"line":73,"column":8},"end":{"line":73,"column":44}},"7":{"start":{"line":74,"column":8},"end":{"line":74,"column":59}},"8":{"start":{"line":75,"column":8},"end":{"line":75,"column":42}},"9":{"start":{"line":76,"column":8},"end":{"line":76,"column":2275}},"10":{"start":{"line":78,"column":8},"end":{"line":78,"column":31}},"11":{"start":{"line":79,"column":8},"end":{"line":79,"column":42}},"12":{"start":{"line":89,"column":8},"end":{"line":89,"column":33}},"13":{"start":{"line":90,"column":8},"end":{"line":90,"column":17}},"14":{"start":{"line":98,"column":8},"end":{"line":98,"column":102}},"15":{"start":{"line":107,"column":8},"end":{"line":107,"column":102}},"16":{"start":{"line":123,"column":8},"end":{"line":123,"column":64}},"17":{"start":{"line":124,"column":8},"end":{"line":124,"column":4185}},"18":{"start":{"line":128,"column":8},"end":{"line":128,"column":96}},"19":{"start":{"line":129,"column":8},"end":{"line":129,"column":56}},"20":{"start":{"line":131,"column":8},"end":{"line":131,"column":79}},"21":{"start":{"line":141,"column":8},"end":{"line":141,"column":102}},"22":{"start":{"line":142,"column":8},"end":{"line":142,"column":62}},"23":{"start":{"line":143,"column":8},"end":{"line":143,"column":54}},"24":{"start":{"line":146,"column":8},"end":{"line":146,"column":5151}},"25":{"start":{"line":147,"column":12},"end":{"line":147,"column":22}},"26":{"start":{"line":155,"column":8},"end":{"line":155,"column":49}},"27":{"start":{"line":156,"column":8},"end":{"line":156,"column":79}},"28":{"start":{"line":157,"column":8},"end":{"line":157,"column":80}},"29":{"start":{"line":158,"column":8},"end":{"line":158,"column":56}},"30":{"start":{"line":159,"column":8},"end":{"line":159,"column":75}},"31":{"start":{"line":160,"column":8},"end":{"line":160,"column":5686}},"32":{"start":{"line":161,"column":12},"end":{"line":161,"column":22}},"33":{"start":{"line":174,"column":8},"end":{"line":174,"column":99}},"34":{"start":{"line":175,"column":8},"end":{"line":175,"column":64}},"35":{"start":{"line":176,"column":8},"end":{"line":176,"column":56}},"36":{"start":{"line":178,"column":8},"end":{"line":178,"column":52}},"37":{"start":{"line":179,"column":8},"end":{"line":179,"column":84}},"38":{"start":{"line":181,"column":8},"end":{"line":181,"column":136}},"39":{"start":{"line":183,"column":8},"end":{"line":183,"column":60}},"40":{"start":{"line":185,"column":8},"end":{"line":185,"column":76}},"41":{"start":{"line":186,"column":8},"end":{"line":186,"column":73}},"42":{"start":{"line":188,"column":8},"end":{"line":188,"column":69}},"43":{"start":{"line":191,"column":8},"end":{"line":191,"column":36}},"44":{"start":{"line":194,"column":8},"end":{"line":194,"column":83}},"45":{"start":{"line":196,"column":8},"end":{"line":196,"column":69}},"46":{"start":{"line":199,"column":8},"end":{"line":199,"column":94}},"47":{"start":{"line":200,"column":8},"end":{"line":200,"column":86}},"48":{"start":{"line":202,"column":8},"end":{"line":202,"column":18}},"49":{"start":{"line":210,"column":8},"end":{"line":210,"column":129}},"50":{"start":{"line":215,"column":8},"end":{"line":215,"column":133}},"51":{"start":{"line":220,"column":8},"end":{"line":220,"column":98}},"52":{"start":{"line":225,"column":8},"end":{"line":225,"column":91}},"53":{"start":{"line":230,"column":8},"end":{"line":230,"column":34}}},"branchMap":{"1":{"line":72,"type":"if","locations":[{"start":{"line":72,"column":8},"end":{"line":72,"column":8}},{"start":{"line":72,"column":8},"end":{"line":72,"column":8}}]},"2":{"line":95,"type":"if","locations":[{"start":{"line":95,"column":8},"end":{"line":95,"column":8}},{"start":{"line":95,"column":8},"end":{"line":95,"column":8}}]},"3":{"line":96,"type":"if","locations":[{"start":{"line":96,"column":8},"end":{"line":96,"column":8}},{"start":{"line":96,"column":8},"end":{"line":96,"column":8}}]},"4":{"line":98,"type":"if","locations":[{"start":{"line":98,"column":8},"end":{"line":98,"column":8}},{"start":{"line":98,"column":8},"end":{"line":98,"column":8}}]},"5":{"line":104,"type":"if","locations":[{"start":{"line":104,"column":8},"end":{"line":104,"column":8}},{"start":{"line":104,"column":8},"end":{"line":104,"column":8}}]},"6":{"line":105,"type":"if","locations":[{"start":{"line":105,"column":8},"end":{"line":105,"column":8}},{"start":{"line":105,"column":8},"end":{"line":105,"column":8}}]},"7":{"line":107,"type":"if","locations":[{"start":{"line":107,"column":8},"end":{"line":107,"column":8}},{"start":{"line":107,"column":8},"end":{"line":107,"column":8}}]},"8":{"line":119,"type":"if","locations":[{"start":{"line":119,"column":8},"end":{"line":119,"column":8}},{"start":{"line":119,"column":8},"end":{"line":119,"column":8}}]},"9":{"line":120,"type":"if","locations":[{"start":{"line":120,"column":8},"end":{"line":120,"column":8}},{"start":{"line":120,"column":8},"end":{"line":120,"column":8}}]},"10":{"line":121,"type":"if","locations":[{"start":{"line":121,"column":8},"end":{"line":121,"column":8}},{"start":{"line":121,"column":8},"end":{"line":121,"column":8}}]},"11":{"line":128,"type":"if","locations":[{"start":{"line":128,"column":8},"end":{"line":128,"column":8}},{"start":{"line":128,"column":8},"end":{"line":128,"column":8}}]},"12":{"line":139,"type":"if","locations":[{"start":{"line":139,"column":8},"end":{"line":139,"column":8}},{"start":{"line":139,"column":8},"end":{"line":139,"column":8}}]},"13":{"line":141,"type":"if","locations":[{"start":{"line":141,"column":8},"end":{"line":141,"column":8}},{"start":{"line":141,"column":8},"end":{"line":141,"column":8}}]},"14":{"line":146,"type":"if","locations":[{"start":{"line":146,"column":8},"end":{"line":146,"column":8}},{"start":{"line":146,"column":8},"end":{"line":146,"column":8}}]},"15":{"line":153,"type":"if","locations":[{"start":{"line":153,"column":8},"end":{"line":153,"column":8}},{"start":{"line":153,"column":8},"end":{"line":153,"column":8}}]},"16":{"line":156,"type":"if","locations":[{"start":{"line":156,"column":8},"end":{"line":156,"column":8}},{"start":{"line":156,"column":8},"end":{"line":156,"column":8}}]},"17":{"line":157,"type":"if","locations":[{"start":{"line":157,"column":8},"end":{"line":157,"column":8}},{"start":{"line":157,"column":8},"end":{"line":157,"column":8}}]},"18":{"line":160,"type":"if","locations":[{"start":{"line":160,"column":8},"end":{"line":160,"column":8}},{"start":{"line":160,"column":8},"end":{"line":160,"column":8}}]},"19":{"line":171,"type":"if","locations":[{"start":{"line":171,"column":8},"end":{"line":171,"column":8}},{"start":{"line":171,"column":8},"end":{"line":171,"column":8}}]},"20":{"line":172,"type":"if","locations":[{"start":{"line":172,"column":8},"end":{"line":172,"column":8}},{"start":{"line":172,"column":8},"end":{"line":172,"column":8}}]},"21":{"line":174,"type":"if","locations":[{"start":{"line":174,"column":8},"end":{"line":174,"column":8}},{"start":{"line":174,"column":8},"end":{"line":174,"column":8}}]},"22":{"line":174,"type":"cond-expr","locations":[{"start":{"line":174,"column":16},"end":{"line":174,"column":54}},{"start":{"line":174,"column":59},"end":{"line":174,"column":98}}]},"23":{"line":181,"type":"if","locations":[{"start":{"line":181,"column":8},"end":{"line":181,"column":8}},{"start":{"line":181,"column":8},"end":{"line":181,"column":8}}]},"24":{"line":210,"type":"if","locations":[{"start":{"line":210,"column":8},"end":{"line":210,"column":8}},{"start":{"line":210,"column":8},"end":{"line":210,"column":8}}]},"25":{"line":215,"type":"if","locations":[{"start":{"line":215,"column":8},"end":{"line":215,"column":8}},{"start":{"line":215,"column":8},"end":{"line":215,"column":8}}]},"26":{"line":220,"type":"if","locations":[{"start":{"line":220,"column":8},"end":{"line":220,"column":8}},{"start":{"line":220,"column":8},"end":{"line":220,"column":8}}]},"27":{"line":225,"type":"if","locations":[{"start":{"line":225,"column":8},"end":{"line":225,"column":8}},{"start":{"line":225,"column":8},"end":{"line":225,"column":8}}]}}},"contracts/ZyftyToken.sol":{"l":{"17":15,"18":15,"19":15,"23":20,"27":15,"39":2,"40":2,"42":2,"44":2,"45":2,"46":2,"47":4,"48":4,"51":2,"52":2,"64":0,"78":5},"path":"/media/work/Zyft/ZyftySc/contracts/ZyftyToken.sol","s":{"1":15,"2":15,"3":15,"4":2,"5":2,"6":2,"7":2,"8":2,"9":2,"10":4,"11":2,"12":2,"13":0,"14":5},"b":{"1":[15,0],"2":[2,0],"3":[2,0],"4":[4,1],"5":[4,0],"6":[0,0],"7":[0,0]},"f":{"1":15,"2":20,"3":15,"4":2,"5":0,"6":5},"fnMap":{"1":{"name":"initialize","line":16,"loc":{"start":{"line":16,"column":4},"end":{"line":20,"column":4}}},"2":{"name":"setMinter","line":22,"loc":{"start":{"line":22,"column":4},"end":{"line":24,"column":4}}},"3":{"name":"setEscrow","line":26,"loc":{"start":{"line":26,"column":4},"end":{"line":28,"column":4}}},"4":{"name":"newToken","line":38,"loc":{"start":{"line":38,"column":4},"end":{"line":53,"column":4}}},"5":{"name":"supportsInterface","line":58,"loc":{"start":{"line":58,"column":4},"end":{"line":65,"column":4}}},"6":{"name":"_beforeTokenTransfer","line":70,"loc":{"start":{"line":70,"column":4},"end":{"line":79,"column":4}}}},"statementMap":{"1":{"start":{"line":17,"column":8},"end":{"line":17,"column":57}},"2":{"start":{"line":18,"column":8},"end":{"line":18,"column":24}},"3":{"start":{"line":19,"column":8},"end":{"line":19,"column":24}},"4":{"start":{"line":39,"column":8},"end":{"line":39,"column":69}},"5":{"start":{"line":40,"column":8},"end":{"line":40,"column":87}},"6":{"start":{"line":42,"column":8},"end":{"line":42,"column":28}},"7":{"start":{"line":44,"column":8},"end":{"line":44,"column":47}},"8":{"start":{"line":45,"column":8},"end":{"line":45,"column":31}},"9":{"start":{"line":46,"column":8},"end":{"line":46,"column":1445}},"10":{"start":{"line":47,"column":12},"end":{"line":47,"column":53}},"11":{"start":{"line":51,"column":8},"end":{"line":51,"column":49}},"12":{"start":{"line":52,"column":8},"end":{"line":52,"column":24}},"13":{"start":{"line":64,"column":8},"end":{"line":64,"column":51}},"14":{"start":{"line":78,"column":8},"end":{"line":78,"column":135}}},"branchMap":{"1":{"line":16,"type":"if","locations":[{"start":{"line":16,"column":40},"end":{"line":16,"column":40}},{"start":{"line":16,"column":40},"end":{"line":16,"column":40}}]},"2":{"line":39,"type":"if","locations":[{"start":{"line":39,"column":8},"end":{"line":39,"column":8}},{"start":{"line":39,"column":8},"end":{"line":39,"column":8}}]},"3":{"line":40,"type":"if","locations":[{"start":{"line":40,"column":8},"end":{"line":40,"column":8}},{"start":{"line":40,"column":8},"end":{"line":40,"column":8}}]},"4":{"line":78,"type":"if","locations":[{"start":{"line":78,"column":8},"end":{"line":78,"column":8}},{"start":{"line":78,"column":8},"end":{"line":78,"column":8}}]},"5":{"line":78,"type":"cond-expr","locations":[{"start":{"line":78,"column":16},"end":{"line":78,"column":33}},{"start":{"line":78,"column":38},"end":{"line":78,"column":53}}]},"6":{"line":78,"type":"cond-expr","locations":[{"start":{"line":78,"column":16},"end":{"line":78,"column":53}},{"start":{"line":78,"column":58},"end":{"line":78,"column":71}}]},"7":{"line":78,"type":"cond-expr","locations":[{"start":{"line":78,"column":16},"end":{"line":78,"column":71}},{"start":{"line":78,"column":76},"end":{"line":78,"column":87}}]}}}}