{"contracts/Lien/ILien.sol":{"l":{},"path":"/home/fastfist/work/ZyftySc/contracts/Lien/ILien.sol","s":{},"b":{},"f":{},"fnMap":{},"statementMap":{},"branchMap":{}},"contracts/Lien/Lien.sol":{"l":{"20":57,"21":57,"22":57,"37":10,"38":10,"39":10,"41":8,"42":8,"44":10,"45":9,"60":0,"61":0,"68":10,"77":6,"78":6,"89":12,"94":30,"102":2,"103":2,"104":2,"112":9,"113":9,"114":7,"115":7,"116":7,"118":2,"119":2},"path":"/home/fastfist/work/ZyftySc/contracts/Lien/Lien.sol","s":{"1":57,"2":57,"3":57,"4":10,"5":10,"6":10,"7":8,"8":8,"9":10,"10":9,"11":0,"12":0,"13":10,"14":6,"15":6,"16":12,"17":30,"18":2,"19":2,"20":2,"21":9,"22":9,"23":7,"24":7,"25":7,"26":2,"27":2},"b":{"1":[8,2],"2":[0,0],"3":[7,2]},"f":{"1":57,"2":0,"3":10,"4":21,"5":0,"6":10,"7":6,"8":12,"9":30,"10":2,"11":9},"fnMap":{"1":{"name":"constructor","line":19,"loc":{"start":{"line":19,"column":4},"end":{"line":23,"column":4}}},"2":{"name":"initialize","line":28,"loc":{"start":{"line":28,"column":4},"end":{"line":28,"column":51}}},"3":{"name":"pay","line":36,"loc":{"start":{"line":36,"column":4},"end":{"line":46,"column":4}}},"4":{"name":"update","line":52,"loc":{"start":{"line":52,"column":4},"end":{"line":54,"column":4}}},"5":{"name":"setLienProvider","line":59,"loc":{"start":{"line":59,"column":4},"end":{"line":62,"column":4}}},"6":{"name":"lienProvider","line":67,"loc":{"start":{"line":67,"column":4},"end":{"line":69,"column":4}}},"7":{"name":"balance","line":76,"loc":{"start":{"line":76,"column":4},"end":{"line":79,"column":4}}},"8":{"name":"balanceView","line":88,"loc":{"start":{"line":88,"column":4},"end":{"line":90,"column":4}}},"9":{"name":"asset","line":93,"loc":{"start":{"line":93,"column":4},"end":{"line":95,"column":4}}},"10":{"name":"increaseLien","line":101,"loc":{"start":{"line":101,"column":4},"end":{"line":105,"column":4}}},"11":{"name":"decreaseLien","line":111,"loc":{"start":{"line":111,"column":4},"end":{"line":121,"column":4}}}},"statementMap":{"1":{"start":{"line":20,"column":8},"end":{"line":20,"column":27}},"2":{"start":{"line":21,"column":8},"end":{"line":21,"column":28}},"3":{"start":{"line":22,"column":8},"end":{"line":22,"column":21}},"4":{"start":{"line":37,"column":8},"end":{"line":37,"column":15}},"5":{"start":{"line":38,"column":8},"end":{"line":38,"column":38}},"6":{"start":{"line":39,"column":8},"end":{"line":39,"column":1118}},"7":{"start":{"line":41,"column":12},"end":{"line":41,"column":37}},"8":{"start":{"line":42,"column":12},"end":{"line":42,"column":25}},"9":{"start":{"line":44,"column":8},"end":{"line":44,"column":61}},"10":{"start":{"line":45,"column":8},"end":{"line":45,"column":27}},"11":{"start":{"line":60,"column":8},"end":{"line":60,"column":38}},"12":{"start":{"line":61,"column":8},"end":{"line":61,"column":29}},"13":{"start":{"line":68,"column":8},"end":{"line":68,"column":23}},"14":{"start":{"line":77,"column":8},"end":{"line":77,"column":15}},"15":{"start":{"line":78,"column":8},"end":{"line":78,"column":20}},"16":{"start":{"line":89,"column":8},"end":{"line":89,"column":20}},"17":{"start":{"line":94,"column":8},"end":{"line":94,"column":24}},"18":{"start":{"line":102,"column":8},"end":{"line":102,"column":55}},"19":{"start":{"line":103,"column":8},"end":{"line":103,"column":18}},"20":{"start":{"line":104,"column":8},"end":{"line":104,"column":34}},"21":{"start":{"line":112,"column":8},"end":{"line":112,"column":20}},"22":{"start":{"line":113,"column":8},"end":{"line":113,"column":3414}},"23":{"start":{"line":114,"column":12},"end":{"line":114,"column":37}},"24":{"start":{"line":115,"column":12},"end":{"line":115,"column":20}},"25":{"start":{"line":116,"column":12},"end":{"line":116,"column":37}},"26":{"start":{"line":118,"column":12},"end":{"line":118,"column":26}},"27":{"start":{"line":119,"column":12},"end":{"line":119,"column":38}}},"branchMap":{"1":{"line":39,"type":"if","locations":[{"start":{"line":39,"column":8},"end":{"line":39,"column":8}},{"start":{"line":39,"column":8},"end":{"line":39,"column":8}}]},"2":{"line":60,"type":"if","locations":[{"start":{"line":60,"column":8},"end":{"line":60,"column":8}},{"start":{"line":60,"column":8},"end":{"line":60,"column":8}}]},"3":{"line":113,"type":"if","locations":[{"start":{"line":113,"column":8},"end":{"line":113,"column":8}},{"start":{"line":113,"column":8},"end":{"line":113,"column":8}}]}}},"contracts/Lien/ParametricLien.sol":{"l":{"19":15,"20":15,"21":15,"23":15,"24":15,"25":15,"32":0,"33":0,"38":2,"41":2,"42":2,"43":2},"path":"/home/fastfist/work/ZyftySc/contracts/Lien/ParametricLien.sol","s":{"1":15,"2":15,"3":15,"4":15,"5":15,"6":15,"7":0,"8":0,"9":2,"10":2,"11":2,"12":2},"b":{"1":[15,0]},"f":{"1":15,"2":0,"3":2},"fnMap":{"1":{"name":"constructor","line":17,"loc":{"start":{"line":12,"column":4},"end":{"line":26,"column":4}}},"2":{"name":"initialize","line":31,"loc":{"start":{"line":31,"column":4},"end":{"line":34,"column":4}}},"3":{"name":"update","line":36,"loc":{"start":{"line":36,"column":4},"end":{"line":44,"column":4}}}},"statementMap":{"1":{"start":{"line":19,"column":8},"end":{"line":19,"column":24}},"2":{"start":{"line":20,"column":8},"end":{"line":20,"column":500}},"3":{"start":{"line":21,"column":12},"end":{"line":21,"column":34}},"4":{"start":{"line":23,"column":8},"end":{"line":23,"column":36}},"5":{"start":{"line":24,"column":8},"end":{"line":24,"column":32}},"6":{"start":{"line":25,"column":8},"end":{"line":25,"column":23}},"7":{"start":{"line":32,"column":8},"end":{"line":32,"column":30}},"8":{"start":{"line":33,"column":8},"end":{"line":33,"column":36}},"9":{"start":{"line":38,"column":8},"end":{"line":38,"column":65}},"10":{"start":{"line":41,"column":8},"end":{"line":41,"column":63}},"11":{"start":{"line":42,"column":8},"end":{"line":42,"column":61}},"12":{"start":{"line":43,"column":8},"end":{"line":43,"column":36}}},"branchMap":{"1":{"line":20,"type":"if","locations":[{"start":{"line":20,"column":8},"end":{"line":20,"column":8}},{"start":{"line":20,"column":8},"end":{"line":20,"column":8}}]}}},"contracts/ZyftyNFT.sol":{"l":{"37":24,"41":0,"45":1,"53":9,"55":9,"56":9,"58":9,"66":9,"74":0,"75":0,"76":0,"78":0,"79":0,"80":0,"81":0,"91":0,"92":0,"93":0,"94":0,"95":0,"96":0,"97":0,"98":0,"99":0,"107":5,"110":5,"111":5,"112":5,"123":6,"124":6,"125":5,"126":5,"127":1,"129":5,"130":5,"142":1,"143":1,"144":1,"145":1,"157":3,"158":3,"159":3,"160":3,"161":3,"162":0,"164":3,"165":3,"166":3,"167":3,"177":1,"178":1,"189":20,"190":20,"201":0,"209":0,"220":17,"221":16,"229":11,"230":11,"237":7,"238":7,"247":23},"path":"/home/fastfist/work/ZyftySc/contracts/ZyftyNFT.sol","s":{"1":24,"2":0,"3":1,"4":9,"5":9,"6":9,"7":9,"8":9,"9":0,"10":0,"11":0,"12":0,"13":0,"14":0,"15":0,"16":0,"17":0,"18":0,"19":0,"20":0,"21":0,"22":0,"23":0,"24":0,"25":5,"26":5,"27":5,"28":5,"29":6,"30":6,"31":5,"32":5,"33":1,"34":5,"35":5,"36":1,"37":1,"38":1,"39":1,"40":3,"41":3,"42":3,"43":3,"44":3,"45":0,"46":3,"47":3,"48":3,"49":3,"50":1,"51":20,"52":20,"53":0,"54":0,"55":17,"56":16,"57":11,"58":11,"59":7,"60":7,"61":23},"b":{"1":[0,0],"2":[0,0],"3":[0,0],"4":[0,0],"5":[0,0],"6":[0,0],"7":[5,0],"8":[6,0],"9":[5,1],"10":[1,4],"11":[1,0],"12":[3,0],"13":[0,3],"14":[20,0],"15":[16,1],"16":[11,0],"17":[7,0],"18":[22,1]},"f":{"1":24,"2":0,"3":1,"4":9,"5":0,"6":0,"7":5,"8":6,"9":1,"10":3,"11":1,"12":20,"13":0,"14":0,"15":17,"16":11,"17":7,"18":23},"fnMap":{"1":{"name":"constructor","line":35,"loc":{"start":{"line":34,"column":4},"end":{"line":38,"column":4}}},"2":{"name":"currentEscrow","line":40,"loc":{"start":{"line":40,"column":4},"end":{"line":42,"column":4}}},"3":{"name":"updateEscrow","line":44,"loc":{"start":{"line":44,"column":4},"end":{"line":46,"column":4}}},"4":{"name":"mint","line":48,"loc":{"start":{"line":48,"column":4},"end":{"line":67,"column":4}}},"5":{"name":"proposeLienUpdate","line":73,"loc":{"start":{"line":73,"column":4},"end":{"line":82,"column":4}}},"6":{"name":"acceptLienUpdate","line":90,"loc":{"start":{"line":90,"column":4},"end":{"line":100,"column":4}}},"7":{"name":"increaseReserve","line":106,"loc":{"start":{"line":106,"column":4},"end":{"line":113,"column":4}}},"8":{"name":"redeemReserve","line":122,"loc":{"start":{"line":122,"column":4},"end":{"line":131,"column":4}}},"9":{"name":"payLienFull","line":138,"loc":{"start":{"line":138,"column":4},"end":{"line":146,"column":4}}},"10":{"name":"payLien","line":153,"loc":{"start":{"line":153,"column":4},"end":{"line":168,"column":4}}},"11":{"name":"destroyNFT","line":175,"loc":{"start":{"line":173,"column":4},"end":{"line":179,"column":4}}},"12":{"name":"asset","line":185,"loc":{"start":{"line":185,"column":4},"end":{"line":191,"column":4}}},"13":{"name":"getAccount","line":196,"loc":{"start":{"line":196,"column":4},"end":{"line":202,"column":4}}},"14":{"name":"tokenURI","line":204,"loc":{"start":{"line":204,"column":4},"end":{"line":210,"column":4}}},"15":{"name":"lien","line":215,"loc":{"start":{"line":215,"column":4},"end":{"line":222,"column":4}}},"16":{"name":"leaseHash","line":224,"loc":{"start":{"line":224,"column":4},"end":{"line":231,"column":4}}},"17":{"name":"getReserve","line":233,"loc":{"start":{"line":233,"column":4},"end":{"line":239,"column":4}}},"18":{"name":"_beforeTokenTransfer","line":241,"loc":{"start":{"line":241,"column":4},"end":{"line":248,"column":4}}}},"statementMap":{"1":{"start":{"line":37,"column":8},"end":{"line":37,"column":23}},"2":{"start":{"line":41,"column":8},"end":{"line":41,"column":17}},"3":{"start":{"line":45,"column":8},"end":{"line":45,"column":23}},"4":{"start":{"line":53,"column":8},"end":{"line":53,"column":28}},"5":{"start":{"line":55,"column":8},"end":{"line":55,"column":47}},"6":{"start":{"line":56,"column":8},"end":{"line":56,"column":34}},"7":{"start":{"line":58,"column":8},"end":{"line":58,"column":1630}},"8":{"start":{"line":66,"column":8},"end":{"line":66,"column":24}},"9":{"start":{"line":74,"column":8},"end":{"line":74,"column":61}},"10":{"start":{"line":75,"column":8},"end":{"line":75,"column":47}},"11":{"start":{"line":76,"column":8},"end":{"line":76,"column":104}},"12":{"start":{"line":78,"column":8},"end":{"line":78,"column":45}},"13":{"start":{"line":79,"column":8},"end":{"line":79,"column":119}},"14":{"start":{"line":80,"column":8},"end":{"line":80,"column":40}},"15":{"start":{"line":81,"column":8},"end":{"line":81,"column":56}},"16":{"start":{"line":91,"column":8},"end":{"line":91,"column":42}},"17":{"start":{"line":92,"column":8},"end":{"line":92,"column":72}},"18":{"start":{"line":93,"column":8},"end":{"line":93,"column":103}},"19":{"start":{"line":94,"column":8},"end":{"line":94,"column":46}},"20":{"start":{"line":95,"column":8},"end":{"line":95,"column":96}},"21":{"start":{"line":96,"column":8},"end":{"line":96,"column":41}},"22":{"start":{"line":97,"column":8},"end":{"line":97,"column":43}},"23":{"start":{"line":98,"column":8},"end":{"line":98,"column":36}},"24":{"start":{"line":99,"column":8},"end":{"line":99,"column":57}},"25":{"start":{"line":107,"column":8},"end":{"line":107,"column":61}},"26":{"start":{"line":110,"column":8},"end":{"line":110,"column":45}},"27":{"start":{"line":111,"column":8},"end":{"line":111,"column":60}},"28":{"start":{"line":112,"column":8},"end":{"line":112,"column":42}},"29":{"start":{"line":123,"column":8},"end":{"line":123,"column":61}},"30":{"start":{"line":124,"column":8},"end":{"line":124,"column":71}},"31":{"start":{"line":125,"column":8},"end":{"line":125,"column":47}},"32":{"start":{"line":126,"column":8},"end":{"line":126,"column":4641}},"33":{"start":{"line":127,"column":12},"end":{"line":127,"column":31}},"34":{"start":{"line":129,"column":8},"end":{"line":129,"column":58}},"35":{"start":{"line":130,"column":8},"end":{"line":130,"column":28}},"36":{"start":{"line":142,"column":8},"end":{"line":142,"column":85}},"37":{"start":{"line":143,"column":8},"end":{"line":143,"column":41}},"38":{"start":{"line":144,"column":8},"end":{"line":144,"column":39}},"39":{"start":{"line":145,"column":8},"end":{"line":145,"column":39}},"40":{"start":{"line":157,"column":8},"end":{"line":157,"column":61}},"41":{"start":{"line":158,"column":8},"end":{"line":158,"column":40}},"42":{"start":{"line":159,"column":8},"end":{"line":159,"column":33}},"43":{"start":{"line":160,"column":8},"end":{"line":160,"column":47}},"44":{"start":{"line":161,"column":8},"end":{"line":161,"column":5843}},"45":{"start":{"line":162,"column":12},"end":{"line":162,"column":31}},"46":{"start":{"line":164,"column":8},"end":{"line":164,"column":55}},"47":{"start":{"line":165,"column":8},"end":{"line":165,"column":41}},"48":{"start":{"line":166,"column":8},"end":{"line":166,"column":42}},"49":{"start":{"line":167,"column":8},"end":{"line":167,"column":33}},"50":{"start":{"line":177,"column":8},"end":{"line":177,"column":16}},"51":{"start":{"line":189,"column":8},"end":{"line":189,"column":56}},"52":{"start":{"line":190,"column":8},"end":{"line":190,"column":53}},"53":{"start":{"line":201,"column":8},"end":{"line":201,"column":32}},"54":{"start":{"line":209,"column":8},"end":{"line":209,"column":36}},"55":{"start":{"line":220,"column":8},"end":{"line":220,"column":61}},"56":{"start":{"line":221,"column":8},"end":{"line":221,"column":44}},"57":{"start":{"line":229,"column":8},"end":{"line":229,"column":61}},"58":{"start":{"line":230,"column":8},"end":{"line":230,"column":43}},"59":{"start":{"line":237,"column":8},"end":{"line":237,"column":56}},"60":{"start":{"line":238,"column":8},"end":{"line":238,"column":37}},"61":{"start":{"line":247,"column":8},"end":{"line":247,"column":135}}},"branchMap":{"1":{"line":74,"type":"if","locations":[{"start":{"line":74,"column":8},"end":{"line":74,"column":8}},{"start":{"line":74,"column":8},"end":{"line":74,"column":8}}]},"2":{"line":76,"type":"if","locations":[{"start":{"line":76,"column":8},"end":{"line":76,"column":8}},{"start":{"line":76,"column":8},"end":{"line":76,"column":8}}]},"3":{"line":79,"type":"if","locations":[{"start":{"line":79,"column":8},"end":{"line":79,"column":8}},{"start":{"line":79,"column":8},"end":{"line":79,"column":8}}]},"4":{"line":92,"type":"if","locations":[{"start":{"line":92,"column":8},"end":{"line":92,"column":8}},{"start":{"line":92,"column":8},"end":{"line":92,"column":8}}]},"5":{"line":93,"type":"if","locations":[{"start":{"line":93,"column":8},"end":{"line":93,"column":8}},{"start":{"line":93,"column":8},"end":{"line":93,"column":8}}]},"6":{"line":95,"type":"if","locations":[{"start":{"line":95,"column":8},"end":{"line":95,"column":8}},{"start":{"line":95,"column":8},"end":{"line":95,"column":8}}]},"7":{"line":107,"type":"if","locations":[{"start":{"line":107,"column":8},"end":{"line":107,"column":8}},{"start":{"line":107,"column":8},"end":{"line":107,"column":8}}]},"8":{"line":123,"type":"if","locations":[{"start":{"line":123,"column":8},"end":{"line":123,"column":8}},{"start":{"line":123,"column":8},"end":{"line":123,"column":8}}]},"9":{"line":124,"type":"if","locations":[{"start":{"line":124,"column":8},"end":{"line":124,"column":8}},{"start":{"line":124,"column":8},"end":{"line":124,"column":8}}]},"10":{"line":126,"type":"if","locations":[{"start":{"line":126,"column":8},"end":{"line":126,"column":8}},{"start":{"line":126,"column":8},"end":{"line":126,"column":8}}]},"11":{"line":142,"type":"if","locations":[{"start":{"line":142,"column":8},"end":{"line":142,"column":8}},{"start":{"line":142,"column":8},"end":{"line":142,"column":8}}]},"12":{"line":157,"type":"if","locations":[{"start":{"line":157,"column":8},"end":{"line":157,"column":8}},{"start":{"line":157,"column":8},"end":{"line":157,"column":8}}]},"13":{"line":161,"type":"if","locations":[{"start":{"line":161,"column":8},"end":{"line":161,"column":8}},{"start":{"line":161,"column":8},"end":{"line":161,"column":8}}]},"14":{"line":189,"type":"if","locations":[{"start":{"line":189,"column":8},"end":{"line":189,"column":8}},{"start":{"line":189,"column":8},"end":{"line":189,"column":8}}]},"15":{"line":220,"type":"if","locations":[{"start":{"line":220,"column":8},"end":{"line":220,"column":8}},{"start":{"line":220,"column":8},"end":{"line":220,"column":8}}]},"16":{"line":229,"type":"if","locations":[{"start":{"line":229,"column":8},"end":{"line":229,"column":8}},{"start":{"line":229,"column":8},"end":{"line":229,"column":8}}]},"17":{"line":237,"type":"if","locations":[{"start":{"line":237,"column":8},"end":{"line":237,"column":8}},{"start":{"line":237,"column":8},"end":{"line":237,"column":8}}]},"18":{"line":247,"type":"if","locations":[{"start":{"line":247,"column":8},"end":{"line":247,"column":8}},{"start":{"line":247,"column":8},"end":{"line":247,"column":8}}]}}},"contracts/ZyftySalesContract.sol":{"l":{"18":39,"19":39,"20":39,"58":21,"70":7,"71":7,"72":7,"73":7,"74":7,"76":7,"77":7,"78":7,"88":7,"89":7,"98":7,"107":6,"108":6,"112":6,"113":4,"114":4,"116":4,"117":4,"118":4,"119":4,"127":2,"128":1,"129":1,"130":1,"131":1,"132":1,"140":1,"141":1,"142":1,"143":1,"144":1,"145":0,"147":1,"148":1,"157":3,"158":3,"159":3,"161":3,"162":3,"163":3,"165":2,"166":2,"168":2,"169":2,"171":2,"172":2,"175":2,"177":2,"180":2,"181":2,"183":2,"187":3,"191":10,"192":9,"196":5,"197":3,"201":9,"202":9,"206":2,"213":12},"path":"/home/fastfist/work/ZyftySc/contracts/ZyftySalesContract.sol","s":{"1":39,"2":39,"3":39,"4":21,"5":7,"6":7,"7":7,"8":7,"9":7,"10":7,"11":7,"12":7,"13":7,"14":7,"15":7,"16":6,"17":6,"18":6,"19":4,"20":4,"21":4,"22":4,"23":4,"24":4,"25":2,"26":1,"27":1,"28":1,"29":1,"30":1,"31":1,"32":1,"33":1,"34":1,"35":1,"36":0,"37":1,"38":1,"39":3,"40":3,"41":3,"42":3,"43":3,"44":3,"45":2,"46":2,"47":2,"48":2,"49":2,"50":2,"51":2,"52":2,"53":2,"54":2,"55":10,"56":5,"57":9,"58":2,"59":12},"b":{"1":[7,0],"2":[4,2],"3":[4,0],"4":[1,1],"5":[1,0],"6":[1,0],"7":[1,0],"8":[0,1],"9":[3,0],"10":[2,1],"11":[9,1],"12":[3,2],"13":[9,0]},"f":{"1":39,"2":21,"3":7,"4":7,"5":6,"6":2,"7":1,"8":3,"9":3,"10":10,"11":5,"12":9,"13":2,"14":12},"fnMap":{"1":{"name":"constructor","line":17,"loc":{"start":{"line":17,"column":4},"end":{"line":21,"column":4}}},"2":{"name":"constructor","line":57,"loc":{"start":{"line":57,"column":4},"end":{"line":59,"column":4}}},"3":{"name":"sellPropertyBuyer","line":61,"loc":{"start":{"line":61,"column":4},"end":{"line":90,"column":4}}},"4":{"name":"sellProperty","line":92,"loc":{"start":{"line":92,"column":4},"end":{"line":99,"column":4}}},"5":{"name":"buyProperty","line":105,"loc":{"start":{"line":102,"column":4},"end":{"line":120,"column":4}}},"6":{"name":"revertSeller","line":125,"loc":{"start":{"line":123,"column":4},"end":{"line":134,"column":4}}},"7":{"name":"revertBuyer","line":138,"loc":{"start":{"line":136,"column":4},"end":{"line":150,"column":4}}},"8":{"name":"execute","line":155,"loc":{"start":{"line":152,"column":4},"end":{"line":184,"column":4}}},"9":{"name":"cleanup","line":186,"loc":{"start":{"line":186,"column":4},"end":{"line":188,"column":4}}},"10":{"name":"withinWindow","line":190,"loc":{"start":{"line":190,"column":4},"end":{"line":193,"column":4}}},"11":{"name":"afterWindow","line":195,"loc":{"start":{"line":195,"column":4},"end":{"line":198,"column":4}}},"12":{"name":"inState","line":200,"loc":{"start":{"line":200,"column":4},"end":{"line":203,"column":4}}},"13":{"name":"getProperty","line":205,"loc":{"start":{"line":205,"column":4},"end":{"line":207,"column":4}}},"14":{"name":"createAgreementHash","line":210,"loc":{"start":{"line":210,"column":4},"end":{"line":214,"column":4}}}},"statementMap":{"1":{"start":{"line":18,"column":8},"end":{"line":18,"column":23}},"2":{"start":{"line":19,"column":8},"end":{"line":19,"column":23}},"3":{"start":{"line":20,"column":8},"end":{"line":20,"column":23}},"4":{"start":{"line":58,"column":8},"end":{"line":58,"column":25}},"5":{"start":{"line":70,"column":8},"end":{"line":70,"column":73}},"6":{"start":{"line":71,"column":8},"end":{"line":71,"column":44}},"7":{"start":{"line":72,"column":8},"end":{"line":72,"column":59}},"8":{"start":{"line":73,"column":8},"end":{"line":73,"column":42}},"9":{"start":{"line":74,"column":8},"end":{"line":74,"column":2090}},"10":{"start":{"line":76,"column":8},"end":{"line":76,"column":31}},"11":{"start":{"line":77,"column":8},"end":{"line":77,"column":42}},"12":{"start":{"line":78,"column":8},"end":{"line":78,"column":2272}},"13":{"start":{"line":88,"column":8},"end":{"line":88,"column":33}},"14":{"start":{"line":89,"column":8},"end":{"line":89,"column":17}},"15":{"start":{"line":98,"column":8},"end":{"line":98,"column":71}},"16":{"start":{"line":107,"column":8},"end":{"line":107,"column":64}},"17":{"start":{"line":108,"column":8},"end":{"line":108,"column":3537}},"18":{"start":{"line":112,"column":8},"end":{"line":112,"column":66}},"19":{"start":{"line":113,"column":8},"end":{"line":113,"column":136}},"20":{"start":{"line":114,"column":8},"end":{"line":114,"column":56}},"21":{"start":{"line":116,"column":8},"end":{"line":116,"column":79}},"22":{"start":{"line":117,"column":8},"end":{"line":117,"column":53}},"23":{"start":{"line":118,"column":8},"end":{"line":118,"column":43}},"24":{"start":{"line":119,"column":8},"end":{"line":119,"column":45}},"25":{"start":{"line":127,"column":8},"end":{"line":127,"column":82}},"26":{"start":{"line":128,"column":8},"end":{"line":128,"column":62}},"27":{"start":{"line":129,"column":8},"end":{"line":129,"column":54}},"28":{"start":{"line":130,"column":8},"end":{"line":130,"column":55}},"29":{"start":{"line":131,"column":8},"end":{"line":131,"column":4564}},"30":{"start":{"line":132,"column":12},"end":{"line":132,"column":22}},"31":{"start":{"line":140,"column":8},"end":{"line":140,"column":73}},"32":{"start":{"line":141,"column":8},"end":{"line":141,"column":80}},"33":{"start":{"line":142,"column":8},"end":{"line":142,"column":56}},"34":{"start":{"line":143,"column":8},"end":{"line":143,"column":75}},"35":{"start":{"line":144,"column":8},"end":{"line":144,"column":5041}},"36":{"start":{"line":145,"column":12},"end":{"line":145,"column":22}},"37":{"start":{"line":147,"column":12},"end":{"line":147,"column":59}},"38":{"start":{"line":148,"column":12},"end":{"line":148,"column":48}},"39":{"start":{"line":157,"column":8},"end":{"line":157,"column":99}},"40":{"start":{"line":158,"column":8},"end":{"line":158,"column":64}},"41":{"start":{"line":159,"column":8},"end":{"line":159,"column":56}},"42":{"start":{"line":161,"column":8},"end":{"line":161,"column":52}},"43":{"start":{"line":162,"column":8},"end":{"line":162,"column":62}},"44":{"start":{"line":163,"column":8},"end":{"line":163,"column":111}},"45":{"start":{"line":165,"column":8},"end":{"line":165,"column":87}},"46":{"start":{"line":166,"column":8},"end":{"line":166,"column":89}},"47":{"start":{"line":168,"column":8},"end":{"line":168,"column":60}},"48":{"start":{"line":171,"column":8},"end":{"line":171,"column":76}},"49":{"start":{"line":172,"column":8},"end":{"line":172,"column":69}},"50":{"start":{"line":175,"column":8},"end":{"line":175,"column":34}},"51":{"start":{"line":177,"column":8},"end":{"line":177,"column":65}},"52":{"start":{"line":180,"column":8},"end":{"line":180,"column":94}},"53":{"start":{"line":181,"column":8},"end":{"line":181,"column":86}},"54":{"start":{"line":183,"column":8},"end":{"line":183,"column":18}},"55":{"start":{"line":191,"column":8},"end":{"line":191,"column":109}},"56":{"start":{"line":196,"column":8},"end":{"line":196,"column":113}},"57":{"start":{"line":201,"column":8},"end":{"line":201,"column":78}},"58":{"start":{"line":206,"column":8},"end":{"line":206,"column":34}},"59":{"start":{"line":213,"column":8},"end":{"line":213,"column":114}}},"branchMap":{"1":{"line":70,"type":"if","locations":[{"start":{"line":70,"column":8},"end":{"line":70,"column":8}},{"start":{"line":70,"column":8},"end":{"line":70,"column":8}}]},"2":{"line":112,"type":"if","locations":[{"start":{"line":112,"column":8},"end":{"line":112,"column":8}},{"start":{"line":112,"column":8},"end":{"line":112,"column":8}}]},"3":{"line":113,"type":"if","locations":[{"start":{"line":113,"column":8},"end":{"line":113,"column":8}},{"start":{"line":113,"column":8},"end":{"line":113,"column":8}}]},"4":{"line":127,"type":"if","locations":[{"start":{"line":127,"column":8},"end":{"line":127,"column":8}},{"start":{"line":127,"column":8},"end":{"line":127,"column":8}}]},"5":{"line":131,"type":"if","locations":[{"start":{"line":131,"column":8},"end":{"line":131,"column":8}},{"start":{"line":131,"column":8},"end":{"line":131,"column":8}}]},"6":{"line":140,"type":"if","locations":[{"start":{"line":140,"column":8},"end":{"line":140,"column":8}},{"start":{"line":140,"column":8},"end":{"line":140,"column":8}}]},"7":{"line":141,"type":"if","locations":[{"start":{"line":141,"column":8},"end":{"line":141,"column":8}},{"start":{"line":141,"column":8},"end":{"line":141,"column":8}}]},"8":{"line":144,"type":"if","locations":[{"start":{"line":144,"column":8},"end":{"line":144,"column":8}},{"start":{"line":144,"column":8},"end":{"line":144,"column":8}}]},"9":{"line":157,"type":"if","locations":[{"start":{"line":157,"column":8},"end":{"line":157,"column":8}},{"start":{"line":157,"column":8},"end":{"line":157,"column":8}}]},"10":{"line":163,"type":"if","locations":[{"start":{"line":163,"column":8},"end":{"line":163,"column":8}},{"start":{"line":163,"column":8},"end":{"line":163,"column":8}}]},"11":{"line":191,"type":"if","locations":[{"start":{"line":191,"column":8},"end":{"line":191,"column":8}},{"start":{"line":191,"column":8},"end":{"line":191,"column":8}}]},"12":{"line":196,"type":"if","locations":[{"start":{"line":196,"column":8},"end":{"line":196,"column":8}},{"start":{"line":196,"column":8},"end":{"line":196,"column":8}}]},"13":{"line":201,"type":"if","locations":[{"start":{"line":201,"column":8},"end":{"line":201,"column":8}},{"start":{"line":201,"column":8},"end":{"line":201,"column":8}}]}}}}